Flow report for dc_update
Thu Mar 27 10:44:07 2025
Quartus Prime Version 18.1.0 Build 625 09/12/2018 SJ Lite Edition


---------------------
; Table of Contents ;
---------------------
  1. Legal Notice
  2. Flow Summary
  3. Flow Settings
  4. Flow Non-Default Global Settings
  5. Flow Elapsed Time
  6. Flow OS Summary
  7. Flow Log
  8. Flow Messages
  9. Flow Suppressed Messages



----------------
; Legal Notice ;
----------------
Copyright (C) 2018  Intel Corporation. All rights reserved.
Your use of Intel Corporation's design tools, logic functions 
and other software and tools, and its AMPP partner logic 
functions, and any output files from any of the foregoing 
(including device programming or simulation files), and any 
associated documentation or information are expressly subject 
to the terms and conditions of the Intel Program License 
Subscription Agreement, the Intel Quartus Prime License Agreement,
the Intel FPGA IP License Agreement, or other applicable license
agreement, including, without limitation, that your use is for
the sole purpose of programming logic devices manufactured by
Intel and sold by Intel or its authorized distributors.  Please
refer to the applicable agreement for further details.



+-------------------------------------------------------------------------------+
; Flow Summary                                                                  ;
+---------------------------------+---------------------------------------------+
; Flow Status                     ; Successful - Thu Mar 27 10:44:07 2025       ;
; Quartus Prime Version           ; 18.1.0 Build 625 09/12/2018 SJ Lite Edition ;
; Revision Name                   ; dc_update                                   ;
; Top-level Entity Name           ; dc_update                                   ;
; Family                          ; Cyclone V                                   ;
; Device                          ; 5CGXFC7C7F23C8                              ;
; Timing Models                   ; Final                                       ;
; Logic utilization (in ALMs)     ; 50 / 56,480 ( < 1 % )                       ;
; Total registers                 ; 0                                           ;
; Total pins                      ; 65 / 268 ( 24 % )                           ;
; Total virtual pins              ; 0                                           ;
; Total block memory bits         ; 0 / 7,024,640 ( 0 % )                       ;
; Total DSP Blocks                ; 0 / 156 ( 0 % )                             ;
; Total HSSI RX PCSs              ; 0 / 6 ( 0 % )                               ;
; Total HSSI PMA RX Deserializers ; 0 / 6 ( 0 % )                               ;
; Total HSSI TX PCSs              ; 0 / 6 ( 0 % )                               ;
; Total HSSI PMA TX Serializers   ; 0 / 6 ( 0 % )                               ;
; Total PLLs                      ; 0 / 13 ( 0 % )                              ;
; Total DLLs                      ; 0 / 4 ( 0 % )                               ;
+---------------------------------+---------------------------------------------+


+-----------------------------------------+
; Flow Settings                           ;
+-------------------+---------------------+
; Option            ; Setting             ;
+-------------------+---------------------+
; Start date & time ; 03/27/2025 10:32:04 ;
; Main task         ; Compilation         ;
; Revision Name     ; dc_update           ;
+-------------------+---------------------+


+-------------------------------------------------------------------------------------------------------------------------+
; Flow Non-Default Global Settings                                                                                        ;
+-------------------------------------+----------------------------------------+---------------+-------------+------------+
; Assignment Name                     ; Value                                  ; Default Value ; Entity Name ; Section Id ;
+-------------------------------------+----------------------------------------+---------------+-------------+------------+
; COMPILER_SIGNATURE_ID               ; 181124906834379.174308592309808        ; --            ; --          ; --         ;
; MAX_CORE_JUNCTION_TEMP              ; 85                                     ; --            ; --          ; --         ;
; MIN_CORE_JUNCTION_TEMP              ; 0                                      ; --            ; --          ; --         ;
; MISC_FILE                           ; DC_UPADTE_ADD_SUB.bsf                  ; --            ; --          ; --         ;
; MISC_FILE                           ; DC_UPADTE_ADD_SUB_inst.v               ; --            ; --          ; --         ;
; MISC_FILE                           ; DC_UPADTE_ADD_SUB_bb.v                 ; --            ; --          ; --         ;
; MISC_FILE                           ; DC_UPADTE_ADD_SUB.inc                  ; --            ; --          ; --         ;
; MISC_FILE                           ; DC_UPADTE_ADD_SUB.cmp                  ; --            ; --          ; --         ;
; MISC_FILE                           ; DC_MIN.bsf                             ; --            ; --          ; --         ;
; MISC_FILE                           ; DC_MIN_inst.v                          ; --            ; --          ; --         ;
; MISC_FILE                           ; DC_MIN_bb.v                            ; --            ; --          ; --         ;
; MISC_FILE                           ; DC_MIN.inc                             ; --            ; --          ; --         ;
; MISC_FILE                           ; DC_MIN.cmp                             ; --            ; --          ; --         ;
; MISC_FILE                           ; DC_MAX.bsf                             ; --            ; --          ; --         ;
; MISC_FILE                           ; DC_MAX_inst.v                          ; --            ; --          ; --         ;
; MISC_FILE                           ; DC_MAX_bb.v                            ; --            ; --          ; --         ;
; MISC_FILE                           ; DC_MAX.inc                             ; --            ; --          ; --         ;
; MISC_FILE                           ; DC_MAX.cmp                             ; --            ; --          ; --         ;
; MISC_FILE                           ; DC_INIT_COMP.bsf                       ; --            ; --          ; --         ;
; MISC_FILE                           ; DC_INIT_COMP_inst.v                    ; --            ; --          ; --         ;
; MISC_FILE                           ; DC_INIT_COMP_bb.v                      ; --            ; --          ; --         ;
; MISC_FILE                           ; DC_INIT_COMP.inc                       ; --            ; --          ; --         ;
; MISC_FILE                           ; DC_INIT_COMP.cmp                       ; --            ; --          ; --         ;
; MISC_FILE                           ; DC_UPDATE_MUX.bsf                      ; --            ; --          ; --         ;
; MISC_FILE                           ; DC_UPDATE_MUX_inst.v                   ; --            ; --          ; --         ;
; MISC_FILE                           ; DC_UPDATE_MUX_bb.v                     ; --            ; --          ; --         ;
; MISC_FILE                           ; DC_UPDATE_MUX.inc                      ; --            ; --          ; --         ;
; MISC_FILE                           ; DC_UPDATE_MUX.cmp                      ; --            ; --          ; --         ;
; MISC_FILE                           ; CONSTANT_75000.bsf                     ; --            ; --          ; --         ;
; MISC_FILE                           ; CONSTANT_75000_inst.v                  ; --            ; --          ; --         ;
; MISC_FILE                           ; CONSTANT_75000_bb.v                    ; --            ; --          ; --         ;
; MISC_FILE                           ; CONSTANT_75000.inc                     ; --            ; --          ; --         ;
; MISC_FILE                           ; CONSTANT_75000.cmp                     ; --            ; --          ; --         ;
; PARTITION_COLOR                     ; -- (Not supported for targeted family) ; --            ; --          ; Top        ;
; PARTITION_FITTER_PRESERVATION_LEVEL ; -- (Not supported for targeted family) ; --            ; --          ; Top        ;
; PARTITION_NETLIST_TYPE              ; -- (Not supported for targeted family) ; --            ; --          ; Top        ;
; PROJECT_OUTPUT_DIRECTORY            ; output_files                           ; --            ; --          ; --         ;
+-------------------------------------+----------------------------------------+---------------+-------------+------------+


+--------------------------------------------------------------------------------------------------------------------------+
; Flow Elapsed Time                                                                                                        ;
+----------------------+--------------+-------------------------+---------------------+------------------------------------+
; Module Name          ; Elapsed Time ; Average Processors Used ; Peak Virtual Memory ; Total CPU Time (on all processors) ;
+----------------------+--------------+-------------------------+---------------------+------------------------------------+
; Analysis & Synthesis ; 00:00:08     ; 1.0                     ; 4882 MB             ; 00:00:17                           ;
; Fitter               ; 00:00:28     ; 1.0                     ; 7149 MB             ; 00:01:28                           ;
; Assembler            ; 00:00:08     ; 1.0                     ; 4852 MB             ; 00:00:06                           ;
; Timing Analyzer      ; 00:00:05     ; 1.1                     ; 5260 MB             ; 00:00:05                           ;
; EDA Netlist Writer   ; 00:00:01     ; 1.0                     ; 4737 MB             ; 00:00:01                           ;
; EDA Netlist Writer   ; 00:00:01     ; 1.0                     ; 4746 MB             ; 00:00:01                           ;
; Total                ; 00:00:51     ; --                      ; --                  ; 00:01:58                           ;
+----------------------+--------------+-------------------------+---------------------+------------------------------------+


+------------------------------------------------------------------------------------+
; Flow OS Summary                                                                    ;
+----------------------+------------------+------------+------------+----------------+
; Module Name          ; Machine Hostname ; OS Name    ; OS Version ; Processor type ;
+----------------------+------------------+------------+------------+----------------+
; Analysis & Synthesis ; WFXA4BB6DBB59CB  ; Windows 10 ; 10.0       ; x86_64         ;
; Fitter               ; WFXA4BB6DBB59CB  ; Windows 10 ; 10.0       ; x86_64         ;
; Assembler            ; WFXA4BB6DBB59CB  ; Windows 10 ; 10.0       ; x86_64         ;
; Timing Analyzer      ; WFXA4BB6DBB59CB  ; Windows 10 ; 10.0       ; x86_64         ;
; EDA Netlist Writer   ; WFXA4BB6DBB59CB  ; Windows 10 ; 10.0       ; x86_64         ;
; EDA Netlist Writer   ; WFXA4BB6DBB59CB  ; Windows 10 ; 10.0       ; x86_64         ;
+----------------------+------------------+------------+------------+----------------+


------------
; Flow Log ;
------------
quartus_map --read_settings_files=on --write_settings_files=off dc_update -c dc_update
quartus_fit --read_settings_files=off --write_settings_files=off dc_update -c dc_update
quartus_asm --read_settings_files=off --write_settings_files=off dc_update -c dc_update
quartus_sta dc_update -c dc_update
quartus_eda --gen_testbench --tool=modelsim_oem --format=verilog --write_settings_files=off dc_update -c dc_update --vector_source=C:/Users/rosenthal.andr/Documents/EECE2160/dc_update/Waveform.vwf --testbench_file=C:/Users/rosenthal.andr/Documents/EECE2160/dc_update/simulation/qsim/Waveform.vwf.vt
quartus_eda --write_settings_files=off --simulation=on --functional=on --flatten_buses=off --tool=modelsim_oem --format=verilog --output_directory=C:/Users/rosenthal.andr/Documents/EECE2160/dc_update/simulation/qsim/ dc_update -c dc_update



