Analysis & Synthesis report for dc_update
Thu Mar 27 10:32:11 2025
Quartus Prime Version 18.1.0 Build 625 09/12/2018 SJ Lite Edition


---------------------
; Table of Contents ;
---------------------
  1. Legal Notice
  2. Analysis & Synthesis Summary
  3. Analysis & Synthesis Settings
  4. Parallel Compilation
  5. Analysis & Synthesis Source Files Read
  6. Analysis & Synthesis Resource Usage Summary
  7. Analysis & Synthesis Resource Utilization by Entity
  8. Analysis & Synthesis IP Cores Summary
  9. General Register Statistics
 10. Parameter Settings for User Entity Instance: DC_UPDATE_MUX:inst5|lpm_mux:LPM_MUX_component
 11. Parameter Settings for User Entity Instance: DC_UPADTE_ADD_SUB:inst|lpm_add_sub:LPM_ADD_SUB_component
 12. Parameter Settings for User Entity Instance: DC_INIT_COMP:inst4|lpm_compare:LPM_COMPARE_component
 13. Parameter Settings for User Entity Instance: DC_MAX:inst3|lpm_compare:LPM_COMPARE_component
 14. Parameter Settings for User Entity Instance: DC_MIN:inst2|lpm_compare:LPM_COMPARE_component
 15. Post-Synthesis Netlist Statistics for Top Partition
 16. Elapsed Time Per Partition
 17. Analysis & Synthesis Messages



----------------
; Legal Notice ;
----------------
Copyright (C) 2018  Intel Corporation. All rights reserved.
Your use of Intel Corporation's design tools, logic functions 
and other software and tools, and its AMPP partner logic 
functions, and any output files from any of the foregoing 
(including device programming or simulation files), and any 
associated documentation or information are expressly subject 
to the terms and conditions of the Intel Program License 
Subscription Agreement, the Intel Quartus Prime License Agreement,
the Intel FPGA IP License Agreement, or other applicable license
agreement, including, without limitation, that your use is for
the sole purpose of programming logic devices manufactured by
Intel and sold by Intel or its authorized distributors.  Please
refer to the applicable agreement for further details.



+-------------------------------------------------------------------------------+
; Analysis & Synthesis Summary                                                  ;
+---------------------------------+---------------------------------------------+
; Analysis & Synthesis Status     ; Successful - Thu Mar 27 10:32:11 2025       ;
; Quartus Prime Version           ; 18.1.0 Build 625 09/12/2018 SJ Lite Edition ;
; Revision Name                   ; dc_update                                   ;
; Top-level Entity Name           ; dc_update                                   ;
; Family                          ; Cyclone V                                   ;
; Logic utilization (in ALMs)     ; N/A                                         ;
; Total registers                 ; 0                                           ;
; Total pins                      ; 65                                          ;
; Total virtual pins              ; 0                                           ;
; Total block memory bits         ; 0                                           ;
; Total DSP Blocks                ; 0                                           ;
; Total HSSI RX PCSs              ; 0                                           ;
; Total HSSI PMA RX Deserializers ; 0                                           ;
; Total HSSI TX PCSs              ; 0                                           ;
; Total HSSI PMA TX Serializers   ; 0                                           ;
; Total PLLs                      ; 0                                           ;
; Total DLLs                      ; 0                                           ;
+---------------------------------+---------------------------------------------+


+---------------------------------------------------------------------------------------------------------------------------+
; Analysis & Synthesis Settings                                                                                             ;
+---------------------------------------------------------------------------------+--------------------+--------------------+
; Option                                                                          ; Setting            ; Default Value      ;
+---------------------------------------------------------------------------------+--------------------+--------------------+
; Device                                                                          ; 5CGXFC7C7F23C8     ;                    ;
; Top-level entity name                                                           ; dc_update          ; dc_update          ;
; Family name                                                                     ; Cyclone V          ; Cyclone V          ;
; Use smart compilation                                                           ; Off                ; Off                ;
; Enable parallel Assembler and Timing Analyzer during compilation                ; On                 ; On                 ;
; Enable compact report table                                                     ; Off                ; Off                ;
; Restructure Multiplexers                                                        ; Auto               ; Auto               ;
; MLAB Add Timing Constraints For Mixed-Port Feed-Through Mode Setting Don't Care ; Off                ; Off                ;
; Create Debugging Nodes for IP Cores                                             ; Off                ; Off                ;
; Preserve fewer node names                                                       ; On                 ; On                 ;
; Intel FPGA IP Evaluation Mode                                                   ; Enable             ; Enable             ;
; Verilog Version                                                                 ; Verilog_2001       ; Verilog_2001       ;
; VHDL Version                                                                    ; VHDL_1993          ; VHDL_1993          ;
; State Machine Processing                                                        ; Auto               ; Auto               ;
; Safe State Machine                                                              ; Off                ; Off                ;
; Extract Verilog State Machines                                                  ; On                 ; On                 ;
; Extract VHDL State Machines                                                     ; On                 ; On                 ;
; Ignore Verilog initial constructs                                               ; Off                ; Off                ;
; Iteration limit for constant Verilog loops                                      ; 5000               ; 5000               ;
; Iteration limit for non-constant Verilog loops                                  ; 250                ; 250                ;
; Add Pass-Through Logic to Inferred RAMs                                         ; On                 ; On                 ;
; Infer RAMs from Raw Logic                                                       ; On                 ; On                 ;
; Parallel Synthesis                                                              ; On                 ; On                 ;
; DSP Block Balancing                                                             ; Auto               ; Auto               ;
; NOT Gate Push-Back                                                              ; On                 ; On                 ;
; Power-Up Don't Care                                                             ; On                 ; On                 ;
; Remove Redundant Logic Cells                                                    ; Off                ; Off                ;
; Remove Duplicate Registers                                                      ; On                 ; On                 ;
; Ignore CARRY Buffers                                                            ; Off                ; Off                ;
; Ignore CASCADE Buffers                                                          ; Off                ; Off                ;
; Ignore GLOBAL Buffers                                                           ; Off                ; Off                ;
; Ignore ROW GLOBAL Buffers                                                       ; Off                ; Off                ;
; Ignore LCELL Buffers                                                            ; Off                ; Off                ;
; Ignore SOFT Buffers                                                             ; On                 ; On                 ;
; Limit AHDL Integers to 32 Bits                                                  ; Off                ; Off                ;
; Optimization Technique                                                          ; Balanced           ; Balanced           ;
; Carry Chain Length                                                              ; 70                 ; 70                 ;
; Auto Carry Chains                                                               ; On                 ; On                 ;
; Auto Open-Drain Pins                                                            ; On                 ; On                 ;
; Perform WYSIWYG Primitive Resynthesis                                           ; Off                ; Off                ;
; Auto ROM Replacement                                                            ; On                 ; On                 ;
; Auto RAM Replacement                                                            ; On                 ; On                 ;
; Auto DSP Block Replacement                                                      ; On                 ; On                 ;
; Auto Shift Register Replacement                                                 ; Auto               ; Auto               ;
; Allow Shift Register Merging across Hierarchies                                 ; Auto               ; Auto               ;
; Auto Clock Enable Replacement                                                   ; On                 ; On                 ;
; Strict RAM Replacement                                                          ; Off                ; Off                ;
; Allow Synchronous Control Signals                                               ; On                 ; On                 ;
; Force Use of Synchronous Clear Signals                                          ; Off                ; Off                ;
; Auto Resource Sharing                                                           ; Off                ; Off                ;
; Allow Any RAM Size For Recognition                                              ; Off                ; Off                ;
; Allow Any ROM Size For Recognition                                              ; Off                ; Off                ;
; Allow Any Shift Register Size For Recognition                                   ; Off                ; Off                ;
; Use LogicLock Constraints during Resource Balancing                             ; On                 ; On                 ;
; Ignore translate_off and synthesis_off directives                               ; Off                ; Off                ;
; Timing-Driven Synthesis                                                         ; On                 ; On                 ;
; Report Parameter Settings                                                       ; On                 ; On                 ;
; Report Source Assignments                                                       ; On                 ; On                 ;
; Report Connectivity Checks                                                      ; On                 ; On                 ;
; Ignore Maximum Fan-Out Assignments                                              ; Off                ; Off                ;
; Synchronization Register Chain Length                                           ; 3                  ; 3                  ;
; Power Optimization During Synthesis                                             ; Normal compilation ; Normal compilation ;
; HDL message level                                                               ; Level2             ; Level2             ;
; Suppress Register Optimization Related Messages                                 ; Off                ; Off                ;
; Number of Removed Registers Reported in Synthesis Report                        ; 5000               ; 5000               ;
; Number of Swept Nodes Reported in Synthesis Report                              ; 5000               ; 5000               ;
; Number of Inverted Registers Reported in Synthesis Report                       ; 100                ; 100                ;
; Clock MUX Protection                                                            ; On                 ; On                 ;
; Auto Gated Clock Conversion                                                     ; Off                ; Off                ;
; Block Design Naming                                                             ; Auto               ; Auto               ;
; SDC constraint protection                                                       ; Off                ; Off                ;
; Synthesis Effort                                                                ; Auto               ; Auto               ;
; Shift Register Replacement - Allow Asynchronous Clear Signal                    ; On                 ; On                 ;
; Pre-Mapping Resynthesis Optimization                                            ; Off                ; Off                ;
; Analysis & Synthesis Message Level                                              ; Medium             ; Medium             ;
; Disable Register Merging Across Hierarchies                                     ; Auto               ; Auto               ;
; Resource Aware Inference For Block RAM                                          ; On                 ; On                 ;
; Automatic Parallel Synthesis                                                    ; On                 ; On                 ;
; Partial Reconfiguration Bitstream ID                                            ; Off                ; Off                ;
+---------------------------------------------------------------------------------+--------------------+--------------------+


+------------------------------------------+
; Parallel Compilation                     ;
+----------------------------+-------------+
; Processors                 ; Number      ;
+----------------------------+-------------+
; Number detected on machine ; 16          ;
; Maximum allowed            ; 8           ;
;                            ;             ;
; Average used               ; 1.00        ;
; Maximum used               ; 1           ;
;                            ;             ;
; Usage by Processor         ; % Time Used ;
;     Processor 1            ; 100.0%      ;
+----------------------------+-------------+


+------------------------------------------------------------------------------------------------------------------------------------------------------------------------------------+
; Analysis & Synthesis Source Files Read                                                                                                                                             ;
+----------------------------------+-----------------+------------------------------------+--------------------------------------------------------------------------------+---------+
; File Name with User-Entered Path ; Used in Netlist ; File Type                          ; File Name with Absolute Path                                                   ; Library ;
+----------------------------------+-----------------+------------------------------------+--------------------------------------------------------------------------------+---------+
; DC_UPADTE_ADD_SUB.v              ; yes             ; User Wizard-Generated File         ; C:/Users/rosenthal.andr/Documents/EECE2160/dc_update/DC_UPADTE_ADD_SUB.v       ;         ;
; DC_MIN.v                         ; yes             ; User Wizard-Generated File         ; C:/Users/rosenthal.andr/Documents/EECE2160/dc_update/DC_MIN.v                  ;         ;
; DC_MAX.v                         ; yes             ; User Wizard-Generated File         ; C:/Users/rosenthal.andr/Documents/EECE2160/dc_update/DC_MAX.v                  ;         ;
; DC_INIT_COMP.v                   ; yes             ; User Wizard-Generated File         ; C:/Users/rosenthal.andr/Documents/EECE2160/dc_update/DC_INIT_COMP.v            ;         ;
; DC_UPDATE_MUX.v                  ; yes             ; User Wizard-Generated File         ; C:/Users/rosenthal.andr/Documents/EECE2160/dc_update/DC_UPDATE_MUX.v           ;         ;
; CONSTANT_75000.v                 ; yes             ; User Wizard-Generated File         ; C:/Users/rosenthal.andr/Documents/EECE2160/dc_update/CONSTANT_75000.v          ;         ;
; dc_update.bdf                    ; yes             ; User Block Diagram/Schematic File  ; C:/Users/rosenthal.andr/Documents/EECE2160/dc_update/dc_update.bdf             ;         ;
; lpm_mux.tdf                      ; yes             ; Megafunction                       ; c:/intelfpga_lite/18.1/quartus/libraries/megafunctions/lpm_mux.tdf             ;         ;
; aglobal181.inc                   ; yes             ; Megafunction                       ; c:/intelfpga_lite/18.1/quartus/libraries/megafunctions/aglobal181.inc          ;         ;
; muxlut.inc                       ; yes             ; Megafunction                       ; c:/intelfpga_lite/18.1/quartus/libraries/megafunctions/muxlut.inc              ;         ;
; bypassff.inc                     ; yes             ; Megafunction                       ; c:/intelfpga_lite/18.1/quartus/libraries/megafunctions/bypassff.inc            ;         ;
; altshift.inc                     ; yes             ; Megafunction                       ; c:/intelfpga_lite/18.1/quartus/libraries/megafunctions/altshift.inc            ;         ;
; db/mux_flc.tdf                   ; yes             ; Auto-Generated Megafunction        ; C:/Users/rosenthal.andr/Documents/EECE2160/dc_update/db/mux_flc.tdf            ;         ;
; lpm_add_sub.tdf                  ; yes             ; Megafunction                       ; c:/intelfpga_lite/18.1/quartus/libraries/megafunctions/lpm_add_sub.tdf         ;         ;
; addcore.inc                      ; yes             ; Megafunction                       ; c:/intelfpga_lite/18.1/quartus/libraries/megafunctions/addcore.inc             ;         ;
; look_add.inc                     ; yes             ; Megafunction                       ; c:/intelfpga_lite/18.1/quartus/libraries/megafunctions/look_add.inc            ;         ;
; alt_stratix_add_sub.inc          ; yes             ; Megafunction                       ; c:/intelfpga_lite/18.1/quartus/libraries/megafunctions/alt_stratix_add_sub.inc ;         ;
; db/add_sub_gkg.tdf               ; yes             ; Auto-Generated Megafunction        ; C:/Users/rosenthal.andr/Documents/EECE2160/dc_update/db/add_sub_gkg.tdf        ;         ;
; lpm_compare.tdf                  ; yes             ; Megafunction                       ; c:/intelfpga_lite/18.1/quartus/libraries/megafunctions/lpm_compare.tdf         ;         ;
; comptree.inc                     ; yes             ; Megafunction                       ; c:/intelfpga_lite/18.1/quartus/libraries/megafunctions/comptree.inc            ;         ;
; db/cmpr_9li.tdf                  ; yes             ; Auto-Generated Megafunction        ; C:/Users/rosenthal.andr/Documents/EECE2160/dc_update/db/cmpr_9li.tdf           ;         ;
; db/cmpr_76j.tdf                  ; yes             ; Auto-Generated Megafunction        ; C:/Users/rosenthal.andr/Documents/EECE2160/dc_update/db/cmpr_76j.tdf           ;         ;
; db/cmpr_c6j.tdf                  ; yes             ; Auto-Generated Megafunction        ; C:/Users/rosenthal.andr/Documents/EECE2160/dc_update/db/cmpr_c6j.tdf           ;         ;
+----------------------------------+-----------------+------------------------------------+--------------------------------------------------------------------------------+---------+


+---------------------------------------------------------+
; Analysis & Synthesis Resource Usage Summary             ;
+---------------------------------------------+-----------+
; Resource                                    ; Usage     ;
+---------------------------------------------+-----------+
; Estimate of Logic utilization (ALMs needed) ; 63        ;
;                                             ;           ;
; Combinational ALUT usage for logic          ; 85        ;
;     -- 7 input functions                    ; 0         ;
;     -- 6 input functions                    ; 40        ;
;     -- 5 input functions                    ; 8         ;
;     -- 4 input functions                    ; 1         ;
;     -- <=3 input functions                  ; 36        ;
;                                             ;           ;
; Dedicated logic registers                   ; 0         ;
;                                             ;           ;
; I/O pins                                    ; 65        ;
;                                             ;           ;
; Total DSP Blocks                            ; 0         ;
;                                             ;           ;
; Maximum fan-out node                        ; dir~input ;
; Maximum fan-out                             ; 33        ;
; Total fan-out                               ; 485       ;
; Average fan-out                             ; 2.26      ;
+---------------------------------------------+-----------+


+----------------------------------------------------------------------------------------------------------------------------------------------------------------------------------------------------------------------------------------------------------------------------------------+
; Analysis & Synthesis Resource Utilization by Entity                                                                                                                                                                                                                                    ;
+-------------------------------------------+---------------------+---------------------------+-------------------+------------+------+--------------+------------------------------------------------------------------------------------------------+-------------------+--------------+
; Compilation Hierarchy Node                ; Combinational ALUTs ; Dedicated Logic Registers ; Block Memory Bits ; DSP Blocks ; Pins ; Virtual Pins ; Full Hierarchy Name                                                                            ; Entity Name       ; Library Name ;
+-------------------------------------------+---------------------+---------------------------+-------------------+------------+------+--------------+------------------------------------------------------------------------------------------------+-------------------+--------------+
; |dc_update                                ; 85 (0)              ; 0 (0)                     ; 0                 ; 0          ; 65   ; 0            ; |dc_update                                                                                     ; dc_update         ; work         ;
;    |DC_INIT_COMP:inst4|                   ; 7 (0)               ; 0 (0)                     ; 0                 ; 0          ; 0    ; 0            ; |dc_update|DC_INIT_COMP:inst4                                                                  ; DC_INIT_COMP      ; work         ;
;       |lpm_compare:LPM_COMPARE_component| ; 7 (0)               ; 0 (0)                     ; 0                 ; 0          ; 0    ; 0            ; |dc_update|DC_INIT_COMP:inst4|lpm_compare:LPM_COMPARE_component                                ; lpm_compare       ; work         ;
;          |cmpr_9li:auto_generated|        ; 7 (7)               ; 0 (0)                     ; 0                 ; 0          ; 0    ; 0            ; |dc_update|DC_INIT_COMP:inst4|lpm_compare:LPM_COMPARE_component|cmpr_9li:auto_generated        ; cmpr_9li          ; work         ;
;    |DC_MAX:inst3|                         ; 4 (0)               ; 0 (0)                     ; 0                 ; 0          ; 0    ; 0            ; |dc_update|DC_MAX:inst3                                                                        ; DC_MAX            ; work         ;
;       |lpm_compare:LPM_COMPARE_component| ; 4 (0)               ; 0 (0)                     ; 0                 ; 0          ; 0    ; 0            ; |dc_update|DC_MAX:inst3|lpm_compare:LPM_COMPARE_component                                      ; lpm_compare       ; work         ;
;          |cmpr_76j:auto_generated|        ; 4 (4)               ; 0 (0)                     ; 0                 ; 0          ; 0    ; 0            ; |dc_update|DC_MAX:inst3|lpm_compare:LPM_COMPARE_component|cmpr_76j:auto_generated              ; cmpr_76j          ; work         ;
;    |DC_MIN:inst2|                         ; 1 (0)               ; 0 (0)                     ; 0                 ; 0          ; 0    ; 0            ; |dc_update|DC_MIN:inst2                                                                        ; DC_MIN            ; work         ;
;       |lpm_compare:LPM_COMPARE_component| ; 1 (0)               ; 0 (0)                     ; 0                 ; 0          ; 0    ; 0            ; |dc_update|DC_MIN:inst2|lpm_compare:LPM_COMPARE_component                                      ; lpm_compare       ; work         ;
;          |cmpr_c6j:auto_generated|        ; 1 (1)               ; 0 (0)                     ; 0                 ; 0          ; 0    ; 0            ; |dc_update|DC_MIN:inst2|lpm_compare:LPM_COMPARE_component|cmpr_c6j:auto_generated              ; cmpr_c6j          ; work         ;
;    |DC_UPADTE_ADD_SUB:inst|               ; 33 (0)              ; 0 (0)                     ; 0                 ; 0          ; 0    ; 0            ; |dc_update|DC_UPADTE_ADD_SUB:inst                                                              ; DC_UPADTE_ADD_SUB ; work         ;
;       |lpm_add_sub:LPM_ADD_SUB_component| ; 33 (0)              ; 0 (0)                     ; 0                 ; 0          ; 0    ; 0            ; |dc_update|DC_UPADTE_ADD_SUB:inst|lpm_add_sub:LPM_ADD_SUB_component                            ; lpm_add_sub       ; work         ;
;          |add_sub_gkg:auto_generated|     ; 33 (33)             ; 0 (0)                     ; 0                 ; 0          ; 0    ; 0            ; |dc_update|DC_UPADTE_ADD_SUB:inst|lpm_add_sub:LPM_ADD_SUB_component|add_sub_gkg:auto_generated ; add_sub_gkg       ; work         ;
;    |DC_UPDATE_MUX:inst5|                  ; 40 (0)              ; 0 (0)                     ; 0                 ; 0          ; 0    ; 0            ; |dc_update|DC_UPDATE_MUX:inst5                                                                 ; DC_UPDATE_MUX     ; work         ;
;       |lpm_mux:LPM_MUX_component|         ; 40 (0)              ; 0 (0)                     ; 0                 ; 0          ; 0    ; 0            ; |dc_update|DC_UPDATE_MUX:inst5|lpm_mux:LPM_MUX_component                                       ; lpm_mux           ; work         ;
;          |mux_flc:auto_generated|         ; 40 (40)             ; 0 (0)                     ; 0                 ; 0          ; 0    ; 0            ; |dc_update|DC_UPDATE_MUX:inst5|lpm_mux:LPM_MUX_component|mux_flc:auto_generated                ; mux_flc           ; work         ;
+-------------------------------------------+---------------------+---------------------------+-------------------+------------+------+--------------+------------------------------------------------------------------------------------------------+-------------------+--------------+
Note: For table entries with two numbers listed, the numbers in parentheses indicate the number of resources of the given type used by the specific entity alone. The numbers listed outside of parentheses indicate the total resources of the given type used by the specific entity and all of its sub-entities in the hierarchy.


+-------------------------------------------------------------------------------------------------------------------------+
; Analysis & Synthesis IP Cores Summary                                                                                   ;
+--------+--------------+---------+--------------+--------------+-----------------------------------+---------------------+
; Vendor ; IP Core Name ; Version ; Release Date ; License Type ; Entity Instance                   ; IP Include File     ;
+--------+--------------+---------+--------------+--------------+-----------------------------------+---------------------+
; Altera ; LPM_ADD_SUB  ; 18.1    ; N/A          ; N/A          ; |dc_update|DC_UPADTE_ADD_SUB:inst ; DC_UPADTE_ADD_SUB.v ;
; Altera ; LPM_COMPARE  ; 18.1    ; N/A          ; N/A          ; |dc_update|DC_MIN:inst2           ; DC_MIN.v            ;
; Altera ; LPM_COMPARE  ; 18.1    ; N/A          ; N/A          ; |dc_update|DC_MAX:inst3           ; DC_MAX.v            ;
; Altera ; LPM_COMPARE  ; 18.1    ; N/A          ; N/A          ; |dc_update|DC_INIT_COMP:inst4     ; DC_INIT_COMP.v      ;
; Altera ; LPM_MUX      ; 18.1    ; N/A          ; N/A          ; |dc_update|DC_UPDATE_MUX:inst5    ; DC_UPDATE_MUX.v     ;
; Altera ; LPM_CONSTANT ; 18.1    ; N/A          ; N/A          ; |dc_update|CONSTANT_75000:inst6   ; CONSTANT_75000.v    ;
+--------+--------------+---------+--------------+--------------+-----------------------------------+---------------------+


+------------------------------------------------------+
; General Register Statistics                          ;
+----------------------------------------------+-------+
; Statistic                                    ; Value ;
+----------------------------------------------+-------+
; Total registers                              ; 0     ;
; Number of registers using Synchronous Clear  ; 0     ;
; Number of registers using Synchronous Load   ; 0     ;
; Number of registers using Asynchronous Clear ; 0     ;
; Number of registers using Asynchronous Load  ; 0     ;
; Number of registers using Clock Enable       ; 0     ;
; Number of registers using Preset             ; 0     ;
+----------------------------------------------+-------+


+--------------------------------------------------------------------------------------------+
; Parameter Settings for User Entity Instance: DC_UPDATE_MUX:inst5|lpm_mux:LPM_MUX_component ;
+------------------------+-----------+-------------------------------------------------------+
; Parameter Name         ; Value     ; Type                                                  ;
+------------------------+-----------+-------------------------------------------------------+
; AUTO_CARRY_CHAINS      ; ON        ; AUTO_CARRY                                            ;
; IGNORE_CARRY_BUFFERS   ; OFF       ; IGNORE_CARRY                                          ;
; AUTO_CASCADE_CHAINS    ; ON        ; AUTO_CASCADE                                          ;
; IGNORE_CASCADE_BUFFERS ; OFF       ; IGNORE_CASCADE                                        ;
; LPM_WIDTH              ; 32        ; Signed Integer                                        ;
; LPM_SIZE               ; 3         ; Signed Integer                                        ;
; LPM_WIDTHS             ; 2         ; Signed Integer                                        ;
; LPM_PIPELINE           ; 0         ; Untyped                                               ;
; CBXI_PARAMETER         ; mux_flc   ; Untyped                                               ;
; DEVICE_FAMILY          ; Cyclone V ; Untyped                                               ;
+------------------------+-----------+-------------------------------------------------------+
Note: In order to hide this table in the UI and the text report file, please set the "Show Parameter Settings in Synthesis Report" option in "Analysis and Synthesis Settings -> More Settings" to "Off".


+-------------------------------------------------------------------------------------------------------+
; Parameter Settings for User Entity Instance: DC_UPADTE_ADD_SUB:inst|lpm_add_sub:LPM_ADD_SUB_component ;
+------------------------+-------------+----------------------------------------------------------------+
; Parameter Name         ; Value       ; Type                                                           ;
+------------------------+-------------+----------------------------------------------------------------+
; LPM_WIDTH              ; 32          ; Signed Integer                                                 ;
; LPM_REPRESENTATION     ; UNSIGNED    ; Untyped                                                        ;
; LPM_DIRECTION          ; DEFAULT     ; Untyped                                                        ;
; ONE_INPUT_IS_CONSTANT  ; YES         ; Untyped                                                        ;
; LPM_PIPELINE           ; 0           ; Untyped                                                        ;
; MAXIMIZE_SPEED         ; 5           ; Untyped                                                        ;
; REGISTERED_AT_END      ; 0           ; Untyped                                                        ;
; OPTIMIZE_FOR_SPEED     ; 5           ; Untyped                                                        ;
; USE_CS_BUFFERS         ; 1           ; Untyped                                                        ;
; CARRY_CHAIN            ; MANUAL      ; Untyped                                                        ;
; CARRY_CHAIN_LENGTH     ; 48          ; CARRY_CHAIN_LENGTH                                             ;
; DEVICE_FAMILY          ; Cyclone V   ; Untyped                                                        ;
; USE_WYS                ; OFF         ; Untyped                                                        ;
; STYLE                  ; FAST        ; Untyped                                                        ;
; CBXI_PARAMETER         ; add_sub_gkg ; Untyped                                                        ;
; AUTO_CARRY_CHAINS      ; ON          ; AUTO_CARRY                                                     ;
; IGNORE_CARRY_BUFFERS   ; OFF         ; IGNORE_CARRY                                                   ;
; AUTO_CASCADE_CHAINS    ; ON          ; AUTO_CASCADE                                                   ;
; IGNORE_CASCADE_BUFFERS ; OFF         ; IGNORE_CASCADE                                                 ;
+------------------------+-------------+----------------------------------------------------------------+
Note: In order to hide this table in the UI and the text report file, please set the "Show Parameter Settings in Synthesis Report" option in "Analysis and Synthesis Settings -> More Settings" to "Off".


+---------------------------------------------------------------------------------------------------+
; Parameter Settings for User Entity Instance: DC_INIT_COMP:inst4|lpm_compare:LPM_COMPARE_component ;
+------------------------+-----------+--------------------------------------------------------------+
; Parameter Name         ; Value     ; Type                                                         ;
+------------------------+-----------+--------------------------------------------------------------+
; lpm_width              ; 32        ; Signed Integer                                               ;
; LPM_REPRESENTATION     ; UNSIGNED  ; Untyped                                                      ;
; LPM_PIPELINE           ; 0         ; Untyped                                                      ;
; CHAIN_SIZE             ; 8         ; Untyped                                                      ;
; ONE_INPUT_IS_CONSTANT  ; YES       ; Untyped                                                      ;
; CARRY_CHAIN            ; MANUAL    ; Untyped                                                      ;
; CASCADE_CHAIN          ; MANUAL    ; Untyped                                                      ;
; CARRY_CHAIN_LENGTH     ; 48        ; CARRY_CHAIN_LENGTH                                           ;
; CASCADE_CHAIN_LENGTH   ; 2         ; CASCADE_CHAIN_LENGTH                                         ;
; DEVICE_FAMILY          ; Cyclone V ; Untyped                                                      ;
; CBXI_PARAMETER         ; cmpr_9li  ; Untyped                                                      ;
; AUTO_CARRY_CHAINS      ; ON        ; AUTO_CARRY                                                   ;
; IGNORE_CARRY_BUFFERS   ; OFF       ; IGNORE_CARRY                                                 ;
; AUTO_CASCADE_CHAINS    ; ON        ; AUTO_CASCADE                                                 ;
; IGNORE_CASCADE_BUFFERS ; OFF       ; IGNORE_CASCADE                                               ;
+------------------------+-----------+--------------------------------------------------------------+
Note: In order to hide this table in the UI and the text report file, please set the "Show Parameter Settings in Synthesis Report" option in "Analysis and Synthesis Settings -> More Settings" to "Off".


+---------------------------------------------------------------------------------------------+
; Parameter Settings for User Entity Instance: DC_MAX:inst3|lpm_compare:LPM_COMPARE_component ;
+------------------------+-----------+--------------------------------------------------------+
; Parameter Name         ; Value     ; Type                                                   ;
+------------------------+-----------+--------------------------------------------------------+
; lpm_width              ; 32        ; Signed Integer                                         ;
; LPM_REPRESENTATION     ; UNSIGNED  ; Untyped                                                ;
; LPM_PIPELINE           ; 0         ; Untyped                                                ;
; CHAIN_SIZE             ; 8         ; Untyped                                                ;
; ONE_INPUT_IS_CONSTANT  ; YES       ; Untyped                                                ;
; CARRY_CHAIN            ; MANUAL    ; Untyped                                                ;
; CASCADE_CHAIN          ; MANUAL    ; Untyped                                                ;
; CARRY_CHAIN_LENGTH     ; 48        ; CARRY_CHAIN_LENGTH                                     ;
; CASCADE_CHAIN_LENGTH   ; 2         ; CASCADE_CHAIN_LENGTH                                   ;
; DEVICE_FAMILY          ; Cyclone V ; Untyped                                                ;
; CBXI_PARAMETER         ; cmpr_76j  ; Untyped                                                ;
; AUTO_CARRY_CHAINS      ; ON        ; AUTO_CARRY                                             ;
; IGNORE_CARRY_BUFFERS   ; OFF       ; IGNORE_CARRY                                           ;
; AUTO_CASCADE_CHAINS    ; ON        ; AUTO_CASCADE                                           ;
; IGNORE_CASCADE_BUFFERS ; OFF       ; IGNORE_CASCADE                                         ;
+------------------------+-----------+--------------------------------------------------------+
Note: In order to hide this table in the UI and the text report file, please set the "Show Parameter Settings in Synthesis Report" option in "Analysis and Synthesis Settings -> More Settings" to "Off".


+---------------------------------------------------------------------------------------------+
; Parameter Settings for User Entity Instance: DC_MIN:inst2|lpm_compare:LPM_COMPARE_component ;
+------------------------+-----------+--------------------------------------------------------+
; Parameter Name         ; Value     ; Type                                                   ;
+------------------------+-----------+--------------------------------------------------------+
; lpm_width              ; 32        ; Signed Integer                                         ;
; LPM_REPRESENTATION     ; UNSIGNED  ; Untyped                                                ;
; LPM_PIPELINE           ; 0         ; Untyped                                                ;
; CHAIN_SIZE             ; 8         ; Untyped                                                ;
; ONE_INPUT_IS_CONSTANT  ; YES       ; Untyped                                                ;
; CARRY_CHAIN            ; MANUAL    ; Untyped                                                ;
; CASCADE_CHAIN          ; MANUAL    ; Untyped                                                ;
; CARRY_CHAIN_LENGTH     ; 48        ; CARRY_CHAIN_LENGTH                                     ;
; CASCADE_CHAIN_LENGTH   ; 2         ; CASCADE_CHAIN_LENGTH                                   ;
; DEVICE_FAMILY          ; Cyclone V ; Untyped                                                ;
; CBXI_PARAMETER         ; cmpr_c6j  ; Untyped                                                ;
; AUTO_CARRY_CHAINS      ; ON        ; AUTO_CARRY                                             ;
; IGNORE_CARRY_BUFFERS   ; OFF       ; IGNORE_CARRY                                           ;
; AUTO_CASCADE_CHAINS    ; ON        ; AUTO_CASCADE                                           ;
; IGNORE_CASCADE_BUFFERS ; OFF       ; IGNORE_CASCADE                                         ;
+------------------------+-----------+--------------------------------------------------------+
Note: In order to hide this table in the UI and the text report file, please set the "Show Parameter Settings in Synthesis Report" option in "Analysis and Synthesis Settings -> More Settings" to "Off".


+-----------------------------------------------------+
; Post-Synthesis Netlist Statistics for Top Partition ;
+-----------------------+-----------------------------+
; Type                  ; Count                       ;
+-----------------------+-----------------------------+
; arriav_lcell_comb     ; 85                          ;
;     arith             ; 33                          ;
;         1 data inputs ; 1                           ;
;         2 data inputs ; 32                          ;
;     normal            ; 52                          ;
;         2 data inputs ; 2                           ;
;         3 data inputs ; 1                           ;
;         4 data inputs ; 1                           ;
;         5 data inputs ; 8                           ;
;         6 data inputs ; 40                          ;
; boundary_port         ; 65                          ;
;                       ;                             ;
; Max LUT depth         ; 6.20                        ;
; Average LUT depth     ; 5.59                        ;
+-----------------------+-----------------------------+


+-------------------------------+
; Elapsed Time Per Partition    ;
+----------------+--------------+
; Partition Name ; Elapsed Time ;
+----------------+--------------+
; Top            ; 00:00:00     ;
+----------------+--------------+


+-------------------------------+
; Analysis & Synthesis Messages ;
+-------------------------------+
Info: *******************************************************************
Info: Running Quartus Prime Analysis & Synthesis
    Info: Version 18.1.0 Build 625 09/12/2018 SJ Lite Edition
    Info: Processing started: Thu Mar 27 10:32:03 2025
Info: Command: quartus_map --read_settings_files=on --write_settings_files=off dc_update -c dc_update
Warning (18236): Number of processors has not been specified which may cause overloading on shared machines.  Set the global assignment NUM_PARALLEL_PROCESSORS in your QSF to an appropriate value for best performance.
Info (20030): Parallel compilation is enabled and will use 8 of the 8 processors detected
Info (12021): Found 1 design units, including 1 entities, in source file /users/rosenthal.andr/documents/eece2160/press_detection/press_detection.bdf
    Info (12023): Found entity 1: press_detection
Info (12021): Found 1 design units, including 1 entities, in source file dc_upadte_add_sub.v
    Info (12023): Found entity 1: DC_UPADTE_ADD_SUB File: C:/Users/rosenthal.andr/Documents/EECE2160/dc_update/DC_UPADTE_ADD_SUB.v Line: 39
Info (12021): Found 1 design units, including 1 entities, in source file dc_min.v
    Info (12023): Found entity 1: DC_MIN File: C:/Users/rosenthal.andr/Documents/EECE2160/dc_update/DC_MIN.v Line: 39
Info (12021): Found 1 design units, including 1 entities, in source file dc_max.v
    Info (12023): Found entity 1: DC_MAX File: C:/Users/rosenthal.andr/Documents/EECE2160/dc_update/DC_MAX.v Line: 39
Info (12021): Found 1 design units, including 1 entities, in source file dc_init_comp.v
    Info (12023): Found entity 1: DC_INIT_COMP File: C:/Users/rosenthal.andr/Documents/EECE2160/dc_update/DC_INIT_COMP.v Line: 39
Info (12021): Found 1 design units, including 1 entities, in source file dc_update_mux.v
    Info (12023): Found entity 1: DC_UPDATE_MUX File: C:/Users/rosenthal.andr/Documents/EECE2160/dc_update/DC_UPDATE_MUX.v Line: 39
Info (12021): Found 2 design units, including 2 entities, in source file constant_75000.v
    Info (12023): Found entity 1: CONSTANT_75000_lpm_constant_039 File: C:/Users/rosenthal.andr/Documents/EECE2160/dc_update/CONSTANT_75000.v Line: 46
    Info (12023): Found entity 2: CONSTANT_75000 File: C:/Users/rosenthal.andr/Documents/EECE2160/dc_update/CONSTANT_75000.v Line: 61
Info (12021): Found 1 design units, including 1 entities, in source file dc_update.bdf
    Info (12023): Found entity 1: dc_update
Info (12127): Elaborating entity "dc_update" for the top level hierarchy
Info (12128): Elaborating entity "DC_UPDATE_MUX" for hierarchy "DC_UPDATE_MUX:inst5"
Info (12128): Elaborating entity "lpm_mux" for hierarchy "DC_UPDATE_MUX:inst5|lpm_mux:LPM_MUX_component" File: C:/Users/rosenthal.andr/Documents/EECE2160/dc_update/DC_UPDATE_MUX.v Line: 69
Info (12130): Elaborated megafunction instantiation "DC_UPDATE_MUX:inst5|lpm_mux:LPM_MUX_component" File: C:/Users/rosenthal.andr/Documents/EECE2160/dc_update/DC_UPDATE_MUX.v Line: 69
Info (12133): Instantiated megafunction "DC_UPDATE_MUX:inst5|lpm_mux:LPM_MUX_component" with the following parameter: File: C:/Users/rosenthal.andr/Documents/EECE2160/dc_update/DC_UPDATE_MUX.v Line: 69
    Info (12134): Parameter "lpm_size" = "3"
    Info (12134): Parameter "lpm_type" = "LPM_MUX"
    Info (12134): Parameter "lpm_width" = "32"
    Info (12134): Parameter "lpm_widths" = "2"
Info (12021): Found 1 design units, including 1 entities, in source file db/mux_flc.tdf
    Info (12023): Found entity 1: mux_flc File: C:/Users/rosenthal.andr/Documents/EECE2160/dc_update/db/mux_flc.tdf Line: 22
Info (12128): Elaborating entity "mux_flc" for hierarchy "DC_UPDATE_MUX:inst5|lpm_mux:LPM_MUX_component|mux_flc:auto_generated" File: c:/intelfpga_lite/18.1/quartus/libraries/megafunctions/lpm_mux.tdf Line: 86
Info (12128): Elaborating entity "DC_UPADTE_ADD_SUB" for hierarchy "DC_UPADTE_ADD_SUB:inst"
Info (12128): Elaborating entity "lpm_add_sub" for hierarchy "DC_UPADTE_ADD_SUB:inst|lpm_add_sub:LPM_ADD_SUB_component" File: C:/Users/rosenthal.andr/Documents/EECE2160/dc_update/DC_UPADTE_ADD_SUB.v Line: 66
Info (12130): Elaborated megafunction instantiation "DC_UPADTE_ADD_SUB:inst|lpm_add_sub:LPM_ADD_SUB_component" File: C:/Users/rosenthal.andr/Documents/EECE2160/dc_update/DC_UPADTE_ADD_SUB.v Line: 66
Info (12133): Instantiated megafunction "DC_UPADTE_ADD_SUB:inst|lpm_add_sub:LPM_ADD_SUB_component" with the following parameter: File: C:/Users/rosenthal.andr/Documents/EECE2160/dc_update/DC_UPADTE_ADD_SUB.v Line: 66
    Info (12134): Parameter "lpm_direction" = "UNUSED"
    Info (12134): Parameter "lpm_hint" = "ONE_INPUT_IS_CONSTANT=YES,CIN_USED=NO"
    Info (12134): Parameter "lpm_representation" = "UNSIGNED"
    Info (12134): Parameter "lpm_type" = "LPM_ADD_SUB"
    Info (12134): Parameter "lpm_width" = "32"
Info (12021): Found 1 design units, including 1 entities, in source file db/add_sub_gkg.tdf
    Info (12023): Found entity 1: add_sub_gkg File: C:/Users/rosenthal.andr/Documents/EECE2160/dc_update/db/add_sub_gkg.tdf Line: 25
Info (12128): Elaborating entity "add_sub_gkg" for hierarchy "DC_UPADTE_ADD_SUB:inst|lpm_add_sub:LPM_ADD_SUB_component|add_sub_gkg:auto_generated" File: c:/intelfpga_lite/18.1/quartus/libraries/megafunctions/lpm_add_sub.tdf Line: 118
Info (12128): Elaborating entity "CONSTANT_75000" for hierarchy "CONSTANT_75000:inst6"
Info (12128): Elaborating entity "CONSTANT_75000_lpm_constant_039" for hierarchy "CONSTANT_75000:inst6|CONSTANT_75000_lpm_constant_039:CONSTANT_75000_lpm_constant_039_component" File: C:/Users/rosenthal.andr/Documents/EECE2160/dc_update/CONSTANT_75000.v Line: 70
Info (12128): Elaborating entity "DC_INIT_COMP" for hierarchy "DC_INIT_COMP:inst4"
Info (12128): Elaborating entity "lpm_compare" for hierarchy "DC_INIT_COMP:inst4|lpm_compare:LPM_COMPARE_component" File: C:/Users/rosenthal.andr/Documents/EECE2160/dc_update/DC_INIT_COMP.v Line: 61
Info (12130): Elaborated megafunction instantiation "DC_INIT_COMP:inst4|lpm_compare:LPM_COMPARE_component" File: C:/Users/rosenthal.andr/Documents/EECE2160/dc_update/DC_INIT_COMP.v Line: 61
Info (12133): Instantiated megafunction "DC_INIT_COMP:inst4|lpm_compare:LPM_COMPARE_component" with the following parameter: File: C:/Users/rosenthal.andr/Documents/EECE2160/dc_update/DC_INIT_COMP.v Line: 61
    Info (12134): Parameter "lpm_hint" = "ONE_INPUT_IS_CONSTANT=YES"
    Info (12134): Parameter "lpm_representation" = "UNSIGNED"
    Info (12134): Parameter "lpm_type" = "LPM_COMPARE"
    Info (12134): Parameter "lpm_width" = "32"
Info (12021): Found 1 design units, including 1 entities, in source file db/cmpr_9li.tdf
    Info (12023): Found entity 1: cmpr_9li File: C:/Users/rosenthal.andr/Documents/EECE2160/dc_update/db/cmpr_9li.tdf Line: 22
Info (12128): Elaborating entity "cmpr_9li" for hierarchy "DC_INIT_COMP:inst4|lpm_compare:LPM_COMPARE_component|cmpr_9li:auto_generated" File: c:/intelfpga_lite/18.1/quartus/libraries/megafunctions/lpm_compare.tdf Line: 280
Info (12128): Elaborating entity "DC_MAX" for hierarchy "DC_MAX:inst3"
Info (12128): Elaborating entity "lpm_compare" for hierarchy "DC_MAX:inst3|lpm_compare:LPM_COMPARE_component" File: C:/Users/rosenthal.andr/Documents/EECE2160/dc_update/DC_MAX.v Line: 61
Info (12130): Elaborated megafunction instantiation "DC_MAX:inst3|lpm_compare:LPM_COMPARE_component" File: C:/Users/rosenthal.andr/Documents/EECE2160/dc_update/DC_MAX.v Line: 61
Info (12133): Instantiated megafunction "DC_MAX:inst3|lpm_compare:LPM_COMPARE_component" with the following parameter: File: C:/Users/rosenthal.andr/Documents/EECE2160/dc_update/DC_MAX.v Line: 61
    Info (12134): Parameter "lpm_hint" = "ONE_INPUT_IS_CONSTANT=YES"
    Info (12134): Parameter "lpm_representation" = "UNSIGNED"
    Info (12134): Parameter "lpm_type" = "LPM_COMPARE"
    Info (12134): Parameter "lpm_width" = "32"
Info (12021): Found 1 design units, including 1 entities, in source file db/cmpr_76j.tdf
    Info (12023): Found entity 1: cmpr_76j File: C:/Users/rosenthal.andr/Documents/EECE2160/dc_update/db/cmpr_76j.tdf Line: 22
Info (12128): Elaborating entity "cmpr_76j" for hierarchy "DC_MAX:inst3|lpm_compare:LPM_COMPARE_component|cmpr_76j:auto_generated" File: c:/intelfpga_lite/18.1/quartus/libraries/megafunctions/lpm_compare.tdf Line: 280
Info (12128): Elaborating entity "DC_MIN" for hierarchy "DC_MIN:inst2"
Info (12128): Elaborating entity "lpm_compare" for hierarchy "DC_MIN:inst2|lpm_compare:LPM_COMPARE_component" File: C:/Users/rosenthal.andr/Documents/EECE2160/dc_update/DC_MIN.v Line: 61
Info (12130): Elaborated megafunction instantiation "DC_MIN:inst2|lpm_compare:LPM_COMPARE_component" File: C:/Users/rosenthal.andr/Documents/EECE2160/dc_update/DC_MIN.v Line: 61
Info (12133): Instantiated megafunction "DC_MIN:inst2|lpm_compare:LPM_COMPARE_component" with the following parameter: File: C:/Users/rosenthal.andr/Documents/EECE2160/dc_update/DC_MIN.v Line: 61
    Info (12134): Parameter "lpm_hint" = "ONE_INPUT_IS_CONSTANT=YES"
    Info (12134): Parameter "lpm_representation" = "UNSIGNED"
    Info (12134): Parameter "lpm_type" = "LPM_COMPARE"
    Info (12134): Parameter "lpm_width" = "32"
Info (12021): Found 1 design units, including 1 entities, in source file db/cmpr_c6j.tdf
    Info (12023): Found entity 1: cmpr_c6j File: C:/Users/rosenthal.andr/Documents/EECE2160/dc_update/db/cmpr_c6j.tdf Line: 22
Info (12128): Elaborating entity "cmpr_c6j" for hierarchy "DC_MIN:inst2|lpm_compare:LPM_COMPARE_component|cmpr_c6j:auto_generated" File: c:/intelfpga_lite/18.1/quartus/libraries/megafunctions/lpm_compare.tdf Line: 280
Info (286030): Timing-Driven Synthesis is running
Info (16010): Generating hard_block partition "hard_block:auto_generated_inst"
    Info (16011): Adding 0 node(s), including 0 DDIO, 0 PLL, 0 transceiver and 0 LCELL
Info (21057): Implemented 150 device resources after synthesis - the final resource count might be different
    Info (21058): Implemented 33 input pins
    Info (21059): Implemented 32 output pins
    Info (21061): Implemented 85 logic cells
Info: Quartus Prime Analysis & Synthesis was successful. 0 errors, 1 warning
    Info: Peak virtual memory: 4882 megabytes
    Info: Processing ended: Thu Mar 27 10:32:11 2025
    Info: Elapsed time: 00:00:08
    Info: Total CPU time (on all processors): 00:00:17


