Analysis & Synthesis report for seq_comparator
Wed Feb 12 11:19:48 2025
Quartus Prime Version 18.1.0 Build 625 09/12/2018 SJ Lite Edition


---------------------
; Table of Contents ;
---------------------
  1. Legal Notice
  2. Analysis & Synthesis Summary
  3. Analysis & Synthesis Settings
  4. Parallel Compilation
  5. Analysis & Synthesis Source Files Read
  6. Analysis & Synthesis Resource Usage Summary
  7. Analysis & Synthesis Resource Utilization by Entity
  8. General Register Statistics
  9. Parameter Settings for User Entity Instance: compare_2bit:inst2|lpm_compare:LPM_COMPARE_component
 10. Parameter Settings for User Entity Instance: display_8bits:inst3|div8u:inst|lpm_divide:LPM_DIVIDE_component
 11. Parameter Settings for User Entity Instance: display_8bits:inst3|const10:inst3|lpm_constant:LPM_CONSTANT_component
 12. Parameter Settings for User Entity Instance: display_8bits:inst3|comp0:inst11|lpm_compare:LPM_COMPARE_component
 13. Parameter Settings for User Entity Instance: display_8bits:inst3|div8u:inst1|lpm_divide:LPM_DIVIDE_component
 14. Parameter Settings for User Entity Instance: display_8bits:inst3|const10:inst4|lpm_constant:LPM_CONSTANT_component
 15. Parameter Settings for User Entity Instance: display_8bits:inst3|comp0:inst10|lpm_compare:LPM_COMPARE_component
 16. Parameter Settings for User Entity Instance: display_8bits:inst3|div8u:inst2|lpm_divide:LPM_DIVIDE_component
 17. Parameter Settings for User Entity Instance: display_8bits:inst3|const10:inst5|lpm_constant:LPM_CONSTANT_component
 18. Parameter Settings for User Entity Instance: display_8bits:inst4|div8u:inst|lpm_divide:LPM_DIVIDE_component
 19. Parameter Settings for User Entity Instance: display_8bits:inst4|const10:inst3|lpm_constant:LPM_CONSTANT_component
 20. Parameter Settings for User Entity Instance: display_8bits:inst4|comp0:inst11|lpm_compare:LPM_COMPARE_component
 21. Parameter Settings for User Entity Instance: display_8bits:inst4|div8u:inst1|lpm_divide:LPM_DIVIDE_component
 22. Parameter Settings for User Entity Instance: display_8bits:inst4|const10:inst4|lpm_constant:LPM_CONSTANT_component
 23. Parameter Settings for User Entity Instance: display_8bits:inst4|comp0:inst10|lpm_compare:LPM_COMPARE_component
 24. Parameter Settings for User Entity Instance: display_8bits:inst4|div8u:inst2|lpm_divide:LPM_DIVIDE_component
 25. Parameter Settings for User Entity Instance: display_8bits:inst4|const10:inst5|lpm_constant:LPM_CONSTANT_component
 26. Post-Synthesis Netlist Statistics for Top Partition
 27. Elapsed Time Per Partition
 28. Analysis & Synthesis Messages



----------------
; Legal Notice ;
----------------
Copyright (C) 2018  Intel Corporation. All rights reserved.
Your use of Intel Corporation's design tools, logic functions 
and other software and tools, and its AMPP partner logic 
functions, and any output files from any of the foregoing 
(including device programming or simulation files), and any 
associated documentation or information are expressly subject 
to the terms and conditions of the Intel Program License 
Subscription Agreement, the Intel Quartus Prime License Agreement,
the Intel FPGA IP License Agreement, or other applicable license
agreement, including, without limitation, that your use is for
the sole purpose of programming logic devices manufactured by
Intel and sold by Intel or its authorized distributors.  Please
refer to the applicable agreement for further details.



+-------------------------------------------------------------------------------+
; Analysis & Synthesis Summary                                                  ;
+---------------------------------+---------------------------------------------+
; Analysis & Synthesis Status     ; Successful - Wed Feb 12 11:19:48 2025       ;
; Quartus Prime Version           ; 18.1.0 Build 625 09/12/2018 SJ Lite Edition ;
; Revision Name                   ; seq_comparator                              ;
; Top-level Entity Name           ; seq_comparator                              ;
; Family                          ; Cyclone V                                   ;
; Logic utilization (in ALMs)     ; N/A                                         ;
; Total registers                 ; 0                                           ;
; Total pins                      ; 17                                          ;
; Total virtual pins              ; 0                                           ;
; Total block memory bits         ; 0                                           ;
; Total DSP Blocks                ; 0                                           ;
; Total HSSI RX PCSs              ; 0                                           ;
; Total HSSI PMA RX Deserializers ; 0                                           ;
; Total HSSI TX PCSs              ; 0                                           ;
; Total HSSI PMA TX Serializers   ; 0                                           ;
; Total PLLs                      ; 0                                           ;
; Total DLLs                      ; 0                                           ;
+---------------------------------+---------------------------------------------+


+---------------------------------------------------------------------------------------------------------------------------+
; Analysis & Synthesis Settings                                                                                             ;
+---------------------------------------------------------------------------------+--------------------+--------------------+
; Option                                                                          ; Setting            ; Default Value      ;
+---------------------------------------------------------------------------------+--------------------+--------------------+
; Device                                                                          ; 5CSEMA5F31C6       ;                    ;
; Top-level entity name                                                           ; seq_comparator     ; seq_comparator     ;
; Family name                                                                     ; Cyclone V          ; Cyclone V          ;
; Use smart compilation                                                           ; Off                ; Off                ;
; Enable parallel Assembler and Timing Analyzer during compilation                ; On                 ; On                 ;
; Enable compact report table                                                     ; Off                ; Off                ;
; Restructure Multiplexers                                                        ; Auto               ; Auto               ;
; MLAB Add Timing Constraints For Mixed-Port Feed-Through Mode Setting Don't Care ; Off                ; Off                ;
; Create Debugging Nodes for IP Cores                                             ; Off                ; Off                ;
; Preserve fewer node names                                                       ; On                 ; On                 ;
; Intel FPGA IP Evaluation Mode                                                   ; Enable             ; Enable             ;
; Verilog Version                                                                 ; Verilog_2001       ; Verilog_2001       ;
; VHDL Version                                                                    ; VHDL_1993          ; VHDL_1993          ;
; State Machine Processing                                                        ; Auto               ; Auto               ;
; Safe State Machine                                                              ; Off                ; Off                ;
; Extract Verilog State Machines                                                  ; On                 ; On                 ;
; Extract VHDL State Machines                                                     ; On                 ; On                 ;
; Ignore Verilog initial constructs                                               ; Off                ; Off                ;
; Iteration limit for constant Verilog loops                                      ; 5000               ; 5000               ;
; Iteration limit for non-constant Verilog loops                                  ; 250                ; 250                ;
; Add Pass-Through Logic to Inferred RAMs                                         ; On                 ; On                 ;
; Infer RAMs from Raw Logic                                                       ; On                 ; On                 ;
; Parallel Synthesis                                                              ; On                 ; On                 ;
; DSP Block Balancing                                                             ; Auto               ; Auto               ;
; NOT Gate Push-Back                                                              ; On                 ; On                 ;
; Power-Up Don't Care                                                             ; On                 ; On                 ;
; Remove Redundant Logic Cells                                                    ; Off                ; Off                ;
; Remove Duplicate Registers                                                      ; On                 ; On                 ;
; Ignore CARRY Buffers                                                            ; Off                ; Off                ;
; Ignore CASCADE Buffers                                                          ; Off                ; Off                ;
; Ignore GLOBAL Buffers                                                           ; Off                ; Off                ;
; Ignore ROW GLOBAL Buffers                                                       ; Off                ; Off                ;
; Ignore LCELL Buffers                                                            ; Off                ; Off                ;
; Ignore SOFT Buffers                                                             ; On                 ; On                 ;
; Limit AHDL Integers to 32 Bits                                                  ; Off                ; Off                ;
; Optimization Technique                                                          ; Balanced           ; Balanced           ;
; Carry Chain Length                                                              ; 70                 ; 70                 ;
; Auto Carry Chains                                                               ; On                 ; On                 ;
; Auto Open-Drain Pins                                                            ; On                 ; On                 ;
; Perform WYSIWYG Primitive Resynthesis                                           ; Off                ; Off                ;
; Auto ROM Replacement                                                            ; On                 ; On                 ;
; Auto RAM Replacement                                                            ; On                 ; On                 ;
; Auto DSP Block Replacement                                                      ; On                 ; On                 ;
; Auto Shift Register Replacement                                                 ; Auto               ; Auto               ;
; Allow Shift Register Merging across Hierarchies                                 ; Auto               ; Auto               ;
; Auto Clock Enable Replacement                                                   ; On                 ; On                 ;
; Strict RAM Replacement                                                          ; Off                ; Off                ;
; Allow Synchronous Control Signals                                               ; On                 ; On                 ;
; Force Use of Synchronous Clear Signals                                          ; Off                ; Off                ;
; Auto Resource Sharing                                                           ; Off                ; Off                ;
; Allow Any RAM Size For Recognition                                              ; Off                ; Off                ;
; Allow Any ROM Size For Recognition                                              ; Off                ; Off                ;
; Allow Any Shift Register Size For Recognition                                   ; Off                ; Off                ;
; Use LogicLock Constraints during Resource Balancing                             ; On                 ; On                 ;
; Ignore translate_off and synthesis_off directives                               ; Off                ; Off                ;
; Timing-Driven Synthesis                                                         ; On                 ; On                 ;
; Report Parameter Settings                                                       ; On                 ; On                 ;
; Report Source Assignments                                                       ; On                 ; On                 ;
; Report Connectivity Checks                                                      ; On                 ; On                 ;
; Ignore Maximum Fan-Out Assignments                                              ; Off                ; Off                ;
; Synchronization Register Chain Length                                           ; 3                  ; 3                  ;
; Power Optimization During Synthesis                                             ; Normal compilation ; Normal compilation ;
; HDL message level                                                               ; Level2             ; Level2             ;
; Suppress Register Optimization Related Messages                                 ; Off                ; Off                ;
; Number of Removed Registers Reported in Synthesis Report                        ; 5000               ; 5000               ;
; Number of Swept Nodes Reported in Synthesis Report                              ; 5000               ; 5000               ;
; Number of Inverted Registers Reported in Synthesis Report                       ; 100                ; 100                ;
; Clock MUX Protection                                                            ; On                 ; On                 ;
; Auto Gated Clock Conversion                                                     ; Off                ; Off                ;
; Block Design Naming                                                             ; Auto               ; Auto               ;
; SDC constraint protection                                                       ; Off                ; Off                ;
; Synthesis Effort                                                                ; Auto               ; Auto               ;
; Shift Register Replacement - Allow Asynchronous Clear Signal                    ; On                 ; On                 ;
; Pre-Mapping Resynthesis Optimization                                            ; Off                ; Off                ;
; Analysis & Synthesis Message Level                                              ; Medium             ; Medium             ;
; Disable Register Merging Across Hierarchies                                     ; Auto               ; Auto               ;
; Resource Aware Inference For Block RAM                                          ; On                 ; On                 ;
; Automatic Parallel Synthesis                                                    ; On                 ; On                 ;
; Partial Reconfiguration Bitstream ID                                            ; Off                ; Off                ;
+---------------------------------------------------------------------------------+--------------------+--------------------+


+------------------------------------------+
; Parallel Compilation                     ;
+----------------------------+-------------+
; Processors                 ; Number      ;
+----------------------------+-------------+
; Number detected on machine ; 16          ;
; Maximum allowed            ; 8           ;
;                            ;             ;
; Average used               ; 1.00        ;
; Maximum used               ; 1           ;
;                            ;             ;
; Usage by Processor         ; % Time Used ;
;     Processor 1            ; 100.0%      ;
+----------------------------+-------------+


+------------------------------------------------------------------------------------------------------------------------------------------------------------------------------------------------+
; Analysis & Synthesis Source Files Read                                                                                                                                                         ;
+----------------------------------+-----------------+------------------------------------------+--------------------------------------------------------------------------------------+---------+
; File Name with User-Entered Path ; Used in Netlist ; File Type                                ; File Name with Absolute Path                                                         ; Library ;
+----------------------------------+-----------------+------------------------------------------+--------------------------------------------------------------------------------------+---------+
; seq_comparator.bdf               ; yes             ; User Block Diagram/Schematic File        ; C:/Users/rosenthal.andr/Documents/EECE2160/seq_comparator/seq_comparator.bdf         ;         ;
; en_register_8.v                  ; yes             ; Auto-Found Verilog HDL File              ; C:/Users/rosenthal.andr/Documents/EECE2160/seq_comparator/en_register_8.v            ;         ;
; compare_2bit.v                   ; yes             ; Auto-Found Wizard-Generated File         ; C:/Users/rosenthal.andr/Documents/EECE2160/seq_comparator/compare_2bit.v             ;         ;
; lpm_compare.tdf                  ; yes             ; Megafunction                             ; c:/intelfpga_lite/18.1/quartus/libraries/megafunctions/lpm_compare.tdf               ;         ;
; comptree.inc                     ; yes             ; Megafunction                             ; c:/intelfpga_lite/18.1/quartus/libraries/megafunctions/comptree.inc                  ;         ;
; altshift.inc                     ; yes             ; Megafunction                             ; c:/intelfpga_lite/18.1/quartus/libraries/megafunctions/altshift.inc                  ;         ;
; aglobal181.inc                   ; yes             ; Megafunction                             ; c:/intelfpga_lite/18.1/quartus/libraries/megafunctions/aglobal181.inc                ;         ;
; db/cmpr_a3h.tdf                  ; yes             ; Auto-Generated Megafunction              ; C:/Users/rosenthal.andr/Documents/EECE2160/seq_comparator/db/cmpr_a3h.tdf            ;         ;
; display_8bits.bdf                ; yes             ; Auto-Found Block Diagram/Schematic File  ; C:/Users/rosenthal.andr/Documents/EECE2160/seq_comparator/display_8bits.bdf          ;         ;
; display7.bdf                     ; yes             ; Auto-Found Block Diagram/Schematic File  ; C:/Users/rosenthal.andr/Documents/EECE2160/seq_comparator/display7.bdf               ;         ;
; div8u.v                          ; yes             ; Auto-Found Wizard-Generated File         ; C:/Users/rosenthal.andr/Documents/EECE2160/seq_comparator/div8u.v                    ;         ;
; lpm_divide.tdf                   ; yes             ; Megafunction                             ; c:/intelfpga_lite/18.1/quartus/libraries/megafunctions/lpm_divide.tdf                ;         ;
; abs_divider.inc                  ; yes             ; Megafunction                             ; c:/intelfpga_lite/18.1/quartus/libraries/megafunctions/abs_divider.inc               ;         ;
; sign_div_unsign.inc              ; yes             ; Megafunction                             ; c:/intelfpga_lite/18.1/quartus/libraries/megafunctions/sign_div_unsign.inc           ;         ;
; db/lpm_divide_kes.tdf            ; yes             ; Auto-Generated Megafunction              ; C:/Users/rosenthal.andr/Documents/EECE2160/seq_comparator/db/lpm_divide_kes.tdf      ;         ;
; db/sign_div_unsign_fkh.tdf       ; yes             ; Auto-Generated Megafunction              ; C:/Users/rosenthal.andr/Documents/EECE2160/seq_comparator/db/sign_div_unsign_fkh.tdf ;         ;
; db/alt_u_div_4te.tdf             ; yes             ; Auto-Generated Megafunction              ; C:/Users/rosenthal.andr/Documents/EECE2160/seq_comparator/db/alt_u_div_4te.tdf       ;         ;
; const10.v                        ; yes             ; Auto-Found Wizard-Generated File         ; C:/Users/rosenthal.andr/Documents/EECE2160/seq_comparator/const10.v                  ;         ;
; lpm_constant.tdf                 ; yes             ; Megafunction                             ; c:/intelfpga_lite/18.1/quartus/libraries/megafunctions/lpm_constant.tdf              ;         ;
; display7_en.bdf                  ; yes             ; Auto-Found Block Diagram/Schematic File  ; C:/Users/rosenthal.andr/Documents/EECE2160/seq_comparator/display7_en.bdf            ;         ;
; comp0.v                          ; yes             ; Auto-Found Wizard-Generated File         ; C:/Users/rosenthal.andr/Documents/EECE2160/seq_comparator/comp0.v                    ;         ;
; db/cmpr_uji.tdf                  ; yes             ; Auto-Generated Megafunction              ; C:/Users/rosenthal.andr/Documents/EECE2160/seq_comparator/db/cmpr_uji.tdf            ;         ;
+----------------------------------+-----------------+------------------------------------------+--------------------------------------------------------------------------------------+---------+


+-----------------------------------------------------+
; Analysis & Synthesis Resource Usage Summary         ;
+---------------------------------------------+-------+
; Resource                                    ; Usage ;
+---------------------------------------------+-------+
; Estimate of Logic utilization (ALMs needed) ; 0     ;
;                                             ;       ;
; Combinational ALUT usage for logic          ; 0     ;
;     -- 7 input functions                    ; 0     ;
;     -- 6 input functions                    ; 0     ;
;     -- 5 input functions                    ; 0     ;
;     -- 4 input functions                    ; 0     ;
;     -- <=3 input functions                  ; 0     ;
;                                             ;       ;
; Dedicated logic registers                   ; 0     ;
;                                             ;       ;
; I/O pins                                    ; 17    ;
;                                             ;       ;
; Total DSP Blocks                            ; 0     ;
;                                             ;       ;
; Maximum fan-out node                        ; clk   ;
; Maximum fan-out                             ; 1     ;
; Total fan-out                               ; 17    ;
; Average fan-out                             ; 0.50  ;
+---------------------------------------------+-------+


+-------------------------------------------------------------------------------------------------------------------------------------------------------------------------------------------+
; Analysis & Synthesis Resource Utilization by Entity                                                                                                                                       ;
+----------------------------+---------------------+---------------------------+-------------------+------------+------+--------------+---------------------+----------------+--------------+
; Compilation Hierarchy Node ; Combinational ALUTs ; Dedicated Logic Registers ; Block Memory Bits ; DSP Blocks ; Pins ; Virtual Pins ; Full Hierarchy Name ; Entity Name    ; Library Name ;
+----------------------------+---------------------+---------------------------+-------------------+------------+------+--------------+---------------------+----------------+--------------+
; |seq_comparator            ; 0 (0)               ; 0 (0)                     ; 0                 ; 0          ; 17   ; 0            ; |seq_comparator     ; seq_comparator ; work         ;
+----------------------------+---------------------+---------------------------+-------------------+------------+------+--------------+---------------------+----------------+--------------+
Note: For table entries with two numbers listed, the numbers in parentheses indicate the number of resources of the given type used by the specific entity alone. The numbers listed outside of parentheses indicate the total resources of the given type used by the specific entity and all of its sub-entities in the hierarchy.


+------------------------------------------------------+
; General Register Statistics                          ;
+----------------------------------------------+-------+
; Statistic                                    ; Value ;
+----------------------------------------------+-------+
; Total registers                              ; 0     ;
; Number of registers using Synchronous Clear  ; 0     ;
; Number of registers using Synchronous Load   ; 0     ;
; Number of registers using Asynchronous Clear ; 0     ;
; Number of registers using Asynchronous Load  ; 0     ;
; Number of registers using Clock Enable       ; 0     ;
; Number of registers using Preset             ; 0     ;
+----------------------------------------------+-------+


+---------------------------------------------------------------------------------------------------+
; Parameter Settings for User Entity Instance: compare_2bit:inst2|lpm_compare:LPM_COMPARE_component ;
+------------------------+-----------+--------------------------------------------------------------+
; Parameter Name         ; Value     ; Type                                                         ;
+------------------------+-----------+--------------------------------------------------------------+
; lpm_width              ; 8         ; Signed Integer                                               ;
; LPM_REPRESENTATION     ; UNSIGNED  ; Untyped                                                      ;
; LPM_PIPELINE           ; 0         ; Untyped                                                      ;
; CHAIN_SIZE             ; 8         ; Untyped                                                      ;
; ONE_INPUT_IS_CONSTANT  ; NO        ; Untyped                                                      ;
; CARRY_CHAIN            ; MANUAL    ; Untyped                                                      ;
; CASCADE_CHAIN          ; MANUAL    ; Untyped                                                      ;
; CARRY_CHAIN_LENGTH     ; 48        ; CARRY_CHAIN_LENGTH                                           ;
; CASCADE_CHAIN_LENGTH   ; 2         ; CASCADE_CHAIN_LENGTH                                         ;
; DEVICE_FAMILY          ; Cyclone V ; Untyped                                                      ;
; CBXI_PARAMETER         ; cmpr_a3h  ; Untyped                                                      ;
; AUTO_CARRY_CHAINS      ; ON        ; AUTO_CARRY                                                   ;
; IGNORE_CARRY_BUFFERS   ; OFF       ; IGNORE_CARRY                                                 ;
; AUTO_CASCADE_CHAINS    ; ON        ; AUTO_CASCADE                                                 ;
; IGNORE_CASCADE_BUFFERS ; OFF       ; IGNORE_CASCADE                                               ;
+------------------------+-----------+--------------------------------------------------------------+
Note: In order to hide this table in the UI and the text report file, please set the "Show Parameter Settings in Synthesis Report" option in "Analysis and Synthesis Settings -> More Settings" to "Off".


+-------------------------------------------------------------------------------------------------------------+
; Parameter Settings for User Entity Instance: display_8bits:inst3|div8u:inst|lpm_divide:LPM_DIVIDE_component ;
+------------------------+----------------+-------------------------------------------------------------------+
; Parameter Name         ; Value          ; Type                                                              ;
+------------------------+----------------+-------------------------------------------------------------------+
; LPM_WIDTHN             ; 8              ; Signed Integer                                                    ;
; LPM_WIDTHD             ; 8              ; Signed Integer                                                    ;
; LPM_NREPRESENTATION    ; UNSIGNED       ; Untyped                                                           ;
; LPM_DREPRESENTATION    ; UNSIGNED       ; Untyped                                                           ;
; LPM_PIPELINE           ; 0              ; Untyped                                                           ;
; LPM_REMAINDERPOSITIVE  ; TRUE           ; Untyped                                                           ;
; MAXIMIZE_SPEED         ; 5              ; Untyped                                                           ;
; CBXI_PARAMETER         ; lpm_divide_kes ; Untyped                                                           ;
; CARRY_CHAIN            ; MANUAL         ; Untyped                                                           ;
; OPTIMIZE_FOR_SPEED     ; 5              ; Untyped                                                           ;
; AUTO_CARRY_CHAINS      ; ON             ; AUTO_CARRY                                                        ;
; IGNORE_CARRY_BUFFERS   ; OFF            ; IGNORE_CARRY                                                      ;
; AUTO_CASCADE_CHAINS    ; ON             ; AUTO_CASCADE                                                      ;
; IGNORE_CASCADE_BUFFERS ; OFF            ; IGNORE_CASCADE                                                    ;
+------------------------+----------------+-------------------------------------------------------------------+
Note: In order to hide this table in the UI and the text report file, please set the "Show Parameter Settings in Synthesis Report" option in "Analysis and Synthesis Settings -> More Settings" to "Off".


+--------------------------------------------------------------------------------------------------------------------+
; Parameter Settings for User Entity Instance: display_8bits:inst3|const10:inst3|lpm_constant:LPM_CONSTANT_component ;
+--------------------+------------------+----------------------------------------------------------------------------+
; Parameter Name     ; Value            ; Type                                                                       ;
+--------------------+------------------+----------------------------------------------------------------------------+
; LPM_WIDTH          ; 8                ; Signed Integer                                                             ;
; LPM_CVALUE         ; 10               ; Signed Integer                                                             ;
; ENABLE_RUNTIME_MOD ; NO               ; Untyped                                                                    ;
; CBXI_PARAMETER     ; lpm_constant_bh6 ; Untyped                                                                    ;
+--------------------+------------------+----------------------------------------------------------------------------+
Note: In order to hide this table in the UI and the text report file, please set the "Show Parameter Settings in Synthesis Report" option in "Analysis and Synthesis Settings -> More Settings" to "Off".


+-----------------------------------------------------------------------------------------------------------------+
; Parameter Settings for User Entity Instance: display_8bits:inst3|comp0:inst11|lpm_compare:LPM_COMPARE_component ;
+------------------------+-----------+----------------------------------------------------------------------------+
; Parameter Name         ; Value     ; Type                                                                       ;
+------------------------+-----------+----------------------------------------------------------------------------+
; lpm_width              ; 8         ; Signed Integer                                                             ;
; LPM_REPRESENTATION     ; UNSIGNED  ; Untyped                                                                    ;
; LPM_PIPELINE           ; 0         ; Untyped                                                                    ;
; CHAIN_SIZE             ; 8         ; Untyped                                                                    ;
; ONE_INPUT_IS_CONSTANT  ; YES       ; Untyped                                                                    ;
; CARRY_CHAIN            ; MANUAL    ; Untyped                                                                    ;
; CASCADE_CHAIN          ; MANUAL    ; Untyped                                                                    ;
; CARRY_CHAIN_LENGTH     ; 48        ; CARRY_CHAIN_LENGTH                                                         ;
; CASCADE_CHAIN_LENGTH   ; 2         ; CASCADE_CHAIN_LENGTH                                                       ;
; DEVICE_FAMILY          ; Cyclone V ; Untyped                                                                    ;
; CBXI_PARAMETER         ; cmpr_uji  ; Untyped                                                                    ;
; AUTO_CARRY_CHAINS      ; ON        ; AUTO_CARRY                                                                 ;
; IGNORE_CARRY_BUFFERS   ; OFF       ; IGNORE_CARRY                                                               ;
; AUTO_CASCADE_CHAINS    ; ON        ; AUTO_CASCADE                                                               ;
; IGNORE_CASCADE_BUFFERS ; OFF       ; IGNORE_CASCADE                                                             ;
+------------------------+-----------+----------------------------------------------------------------------------+
Note: In order to hide this table in the UI and the text report file, please set the "Show Parameter Settings in Synthesis Report" option in "Analysis and Synthesis Settings -> More Settings" to "Off".


+--------------------------------------------------------------------------------------------------------------+
; Parameter Settings for User Entity Instance: display_8bits:inst3|div8u:inst1|lpm_divide:LPM_DIVIDE_component ;
+------------------------+----------------+--------------------------------------------------------------------+
; Parameter Name         ; Value          ; Type                                                               ;
+------------------------+----------------+--------------------------------------------------------------------+
; LPM_WIDTHN             ; 8              ; Signed Integer                                                     ;
; LPM_WIDTHD             ; 8              ; Signed Integer                                                     ;
; LPM_NREPRESENTATION    ; UNSIGNED       ; Untyped                                                            ;
; LPM_DREPRESENTATION    ; UNSIGNED       ; Untyped                                                            ;
; LPM_PIPELINE           ; 0              ; Untyped                                                            ;
; LPM_REMAINDERPOSITIVE  ; TRUE           ; Untyped                                                            ;
; MAXIMIZE_SPEED         ; 5              ; Untyped                                                            ;
; CBXI_PARAMETER         ; lpm_divide_kes ; Untyped                                                            ;
; CARRY_CHAIN            ; MANUAL         ; Untyped                                                            ;
; OPTIMIZE_FOR_SPEED     ; 5              ; Untyped                                                            ;
; AUTO_CARRY_CHAINS      ; ON             ; AUTO_CARRY                                                         ;
; IGNORE_CARRY_BUFFERS   ; OFF            ; IGNORE_CARRY                                                       ;
; AUTO_CASCADE_CHAINS    ; ON             ; AUTO_CASCADE                                                       ;
; IGNORE_CASCADE_BUFFERS ; OFF            ; IGNORE_CASCADE                                                     ;
+------------------------+----------------+--------------------------------------------------------------------+
Note: In order to hide this table in the UI and the text report file, please set the "Show Parameter Settings in Synthesis Report" option in "Analysis and Synthesis Settings -> More Settings" to "Off".


+--------------------------------------------------------------------------------------------------------------------+
; Parameter Settings for User Entity Instance: display_8bits:inst3|const10:inst4|lpm_constant:LPM_CONSTANT_component ;
+--------------------+------------------+----------------------------------------------------------------------------+
; Parameter Name     ; Value            ; Type                                                                       ;
+--------------------+------------------+----------------------------------------------------------------------------+
; LPM_WIDTH          ; 8                ; Signed Integer                                                             ;
; LPM_CVALUE         ; 10               ; Signed Integer                                                             ;
; ENABLE_RUNTIME_MOD ; NO               ; Untyped                                                                    ;
; CBXI_PARAMETER     ; lpm_constant_bh6 ; Untyped                                                                    ;
+--------------------+------------------+----------------------------------------------------------------------------+
Note: In order to hide this table in the UI and the text report file, please set the "Show Parameter Settings in Synthesis Report" option in "Analysis and Synthesis Settings -> More Settings" to "Off".


+-----------------------------------------------------------------------------------------------------------------+
; Parameter Settings for User Entity Instance: display_8bits:inst3|comp0:inst10|lpm_compare:LPM_COMPARE_component ;
+------------------------+-----------+----------------------------------------------------------------------------+
; Parameter Name         ; Value     ; Type                                                                       ;
+------------------------+-----------+----------------------------------------------------------------------------+
; lpm_width              ; 8         ; Signed Integer                                                             ;
; LPM_REPRESENTATION     ; UNSIGNED  ; Untyped                                                                    ;
; LPM_PIPELINE           ; 0         ; Untyped                                                                    ;
; CHAIN_SIZE             ; 8         ; Untyped                                                                    ;
; ONE_INPUT_IS_CONSTANT  ; YES       ; Untyped                                                                    ;
; CARRY_CHAIN            ; MANUAL    ; Untyped                                                                    ;
; CASCADE_CHAIN          ; MANUAL    ; Untyped                                                                    ;
; CARRY_CHAIN_LENGTH     ; 48        ; CARRY_CHAIN_LENGTH                                                         ;
; CASCADE_CHAIN_LENGTH   ; 2         ; CASCADE_CHAIN_LENGTH                                                       ;
; DEVICE_FAMILY          ; Cyclone V ; Untyped                                                                    ;
; CBXI_PARAMETER         ; cmpr_uji  ; Untyped                                                                    ;
; AUTO_CARRY_CHAINS      ; ON        ; AUTO_CARRY                                                                 ;
; IGNORE_CARRY_BUFFERS   ; OFF       ; IGNORE_CARRY                                                               ;
; AUTO_CASCADE_CHAINS    ; ON        ; AUTO_CASCADE                                                               ;
; IGNORE_CASCADE_BUFFERS ; OFF       ; IGNORE_CASCADE                                                             ;
+------------------------+-----------+----------------------------------------------------------------------------+
Note: In order to hide this table in the UI and the text report file, please set the "Show Parameter Settings in Synthesis Report" option in "Analysis and Synthesis Settings -> More Settings" to "Off".


+--------------------------------------------------------------------------------------------------------------+
; Parameter Settings for User Entity Instance: display_8bits:inst3|div8u:inst2|lpm_divide:LPM_DIVIDE_component ;
+------------------------+----------------+--------------------------------------------------------------------+
; Parameter Name         ; Value          ; Type                                                               ;
+------------------------+----------------+--------------------------------------------------------------------+
; LPM_WIDTHN             ; 8              ; Signed Integer                                                     ;
; LPM_WIDTHD             ; 8              ; Signed Integer                                                     ;
; LPM_NREPRESENTATION    ; UNSIGNED       ; Untyped                                                            ;
; LPM_DREPRESENTATION    ; UNSIGNED       ; Untyped                                                            ;
; LPM_PIPELINE           ; 0              ; Untyped                                                            ;
; LPM_REMAINDERPOSITIVE  ; TRUE           ; Untyped                                                            ;
; MAXIMIZE_SPEED         ; 5              ; Untyped                                                            ;
; CBXI_PARAMETER         ; lpm_divide_kes ; Untyped                                                            ;
; CARRY_CHAIN            ; MANUAL         ; Untyped                                                            ;
; OPTIMIZE_FOR_SPEED     ; 5              ; Untyped                                                            ;
; AUTO_CARRY_CHAINS      ; ON             ; AUTO_CARRY                                                         ;
; IGNORE_CARRY_BUFFERS   ; OFF            ; IGNORE_CARRY                                                       ;
; AUTO_CASCADE_CHAINS    ; ON             ; AUTO_CASCADE                                                       ;
; IGNORE_CASCADE_BUFFERS ; OFF            ; IGNORE_CASCADE                                                     ;
+------------------------+----------------+--------------------------------------------------------------------+
Note: In order to hide this table in the UI and the text report file, please set the "Show Parameter Settings in Synthesis Report" option in "Analysis and Synthesis Settings -> More Settings" to "Off".


+--------------------------------------------------------------------------------------------------------------------+
; Parameter Settings for User Entity Instance: display_8bits:inst3|const10:inst5|lpm_constant:LPM_CONSTANT_component ;
+--------------------+------------------+----------------------------------------------------------------------------+
; Parameter Name     ; Value            ; Type                                                                       ;
+--------------------+------------------+----------------------------------------------------------------------------+
; LPM_WIDTH          ; 8                ; Signed Integer                                                             ;
; LPM_CVALUE         ; 10               ; Signed Integer                                                             ;
; ENABLE_RUNTIME_MOD ; NO               ; Untyped                                                                    ;
; CBXI_PARAMETER     ; lpm_constant_bh6 ; Untyped                                                                    ;
+--------------------+------------------+----------------------------------------------------------------------------+
Note: In order to hide this table in the UI and the text report file, please set the "Show Parameter Settings in Synthesis Report" option in "Analysis and Synthesis Settings -> More Settings" to "Off".


+-------------------------------------------------------------------------------------------------------------+
; Parameter Settings for User Entity Instance: display_8bits:inst4|div8u:inst|lpm_divide:LPM_DIVIDE_component ;
+------------------------+----------------+-------------------------------------------------------------------+
; Parameter Name         ; Value          ; Type                                                              ;
+------------------------+----------------+-------------------------------------------------------------------+
; LPM_WIDTHN             ; 8              ; Signed Integer                                                    ;
; LPM_WIDTHD             ; 8              ; Signed Integer                                                    ;
; LPM_NREPRESENTATION    ; UNSIGNED       ; Untyped                                                           ;
; LPM_DREPRESENTATION    ; UNSIGNED       ; Untyped                                                           ;
; LPM_PIPELINE           ; 0              ; Untyped                                                           ;
; LPM_REMAINDERPOSITIVE  ; TRUE           ; Untyped                                                           ;
; MAXIMIZE_SPEED         ; 5              ; Untyped                                                           ;
; CBXI_PARAMETER         ; lpm_divide_kes ; Untyped                                                           ;
; CARRY_CHAIN            ; MANUAL         ; Untyped                                                           ;
; OPTIMIZE_FOR_SPEED     ; 5              ; Untyped                                                           ;
; AUTO_CARRY_CHAINS      ; ON             ; AUTO_CARRY                                                        ;
; IGNORE_CARRY_BUFFERS   ; OFF            ; IGNORE_CARRY                                                      ;
; AUTO_CASCADE_CHAINS    ; ON             ; AUTO_CASCADE                                                      ;
; IGNORE_CASCADE_BUFFERS ; OFF            ; IGNORE_CASCADE                                                    ;
+------------------------+----------------+-------------------------------------------------------------------+
Note: In order to hide this table in the UI and the text report file, please set the "Show Parameter Settings in Synthesis Report" option in "Analysis and Synthesis Settings -> More Settings" to "Off".


+--------------------------------------------------------------------------------------------------------------------+
; Parameter Settings for User Entity Instance: display_8bits:inst4|const10:inst3|lpm_constant:LPM_CONSTANT_component ;
+--------------------+------------------+----------------------------------------------------------------------------+
; Parameter Name     ; Value            ; Type                                                                       ;
+--------------------+------------------+----------------------------------------------------------------------------+
; LPM_WIDTH          ; 8                ; Signed Integer                                                             ;
; LPM_CVALUE         ; 10               ; Signed Integer                                                             ;
; ENABLE_RUNTIME_MOD ; NO               ; Untyped                                                                    ;
; CBXI_PARAMETER     ; lpm_constant_bh6 ; Untyped                                                                    ;
+--------------------+------------------+----------------------------------------------------------------------------+
Note: In order to hide this table in the UI and the text report file, please set the "Show Parameter Settings in Synthesis Report" option in "Analysis and Synthesis Settings -> More Settings" to "Off".


+-----------------------------------------------------------------------------------------------------------------+
; Parameter Settings for User Entity Instance: display_8bits:inst4|comp0:inst11|lpm_compare:LPM_COMPARE_component ;
+------------------------+-----------+----------------------------------------------------------------------------+
; Parameter Name         ; Value     ; Type                                                                       ;
+------------------------+-----------+----------------------------------------------------------------------------+
; lpm_width              ; 8         ; Signed Integer                                                             ;
; LPM_REPRESENTATION     ; UNSIGNED  ; Untyped                                                                    ;
; LPM_PIPELINE           ; 0         ; Untyped                                                                    ;
; CHAIN_SIZE             ; 8         ; Untyped                                                                    ;
; ONE_INPUT_IS_CONSTANT  ; YES       ; Untyped                                                                    ;
; CARRY_CHAIN            ; MANUAL    ; Untyped                                                                    ;
; CASCADE_CHAIN          ; MANUAL    ; Untyped                                                                    ;
; CARRY_CHAIN_LENGTH     ; 48        ; CARRY_CHAIN_LENGTH                                                         ;
; CASCADE_CHAIN_LENGTH   ; 2         ; CASCADE_CHAIN_LENGTH                                                       ;
; DEVICE_FAMILY          ; Cyclone V ; Untyped                                                                    ;
; CBXI_PARAMETER         ; cmpr_uji  ; Untyped                                                                    ;
; AUTO_CARRY_CHAINS      ; ON        ; AUTO_CARRY                                                                 ;
; IGNORE_CARRY_BUFFERS   ; OFF       ; IGNORE_CARRY                                                               ;
; AUTO_CASCADE_CHAINS    ; ON        ; AUTO_CASCADE                                                               ;
; IGNORE_CASCADE_BUFFERS ; OFF       ; IGNORE_CASCADE                                                             ;
+------------------------+-----------+----------------------------------------------------------------------------+
Note: In order to hide this table in the UI and the text report file, please set the "Show Parameter Settings in Synthesis Report" option in "Analysis and Synthesis Settings -> More Settings" to "Off".


+--------------------------------------------------------------------------------------------------------------+
; Parameter Settings for User Entity Instance: display_8bits:inst4|div8u:inst1|lpm_divide:LPM_DIVIDE_component ;
+------------------------+----------------+--------------------------------------------------------------------+
; Parameter Name         ; Value          ; Type                                                               ;
+------------------------+----------------+--------------------------------------------------------------------+
; LPM_WIDTHN             ; 8              ; Signed Integer                                                     ;
; LPM_WIDTHD             ; 8              ; Signed Integer                                                     ;
; LPM_NREPRESENTATION    ; UNSIGNED       ; Untyped                                                            ;
; LPM_DREPRESENTATION    ; UNSIGNED       ; Untyped                                                            ;
; LPM_PIPELINE           ; 0              ; Untyped                                                            ;
; LPM_REMAINDERPOSITIVE  ; TRUE           ; Untyped                                                            ;
; MAXIMIZE_SPEED         ; 5              ; Untyped                                                            ;
; CBXI_PARAMETER         ; lpm_divide_kes ; Untyped                                                            ;
; CARRY_CHAIN            ; MANUAL         ; Untyped                                                            ;
; OPTIMIZE_FOR_SPEED     ; 5              ; Untyped                                                            ;
; AUTO_CARRY_CHAINS      ; ON             ; AUTO_CARRY                                                         ;
; IGNORE_CARRY_BUFFERS   ; OFF            ; IGNORE_CARRY                                                       ;
; AUTO_CASCADE_CHAINS    ; ON             ; AUTO_CASCADE                                                       ;
; IGNORE_CASCADE_BUFFERS ; OFF            ; IGNORE_CASCADE                                                     ;
+------------------------+----------------+--------------------------------------------------------------------+
Note: In order to hide this table in the UI and the text report file, please set the "Show Parameter Settings in Synthesis Report" option in "Analysis and Synthesis Settings -> More Settings" to "Off".


+--------------------------------------------------------------------------------------------------------------------+
; Parameter Settings for User Entity Instance: display_8bits:inst4|const10:inst4|lpm_constant:LPM_CONSTANT_component ;
+--------------------+------------------+----------------------------------------------------------------------------+
; Parameter Name     ; Value            ; Type                                                                       ;
+--------------------+------------------+----------------------------------------------------------------------------+
; LPM_WIDTH          ; 8                ; Signed Integer                                                             ;
; LPM_CVALUE         ; 10               ; Signed Integer                                                             ;
; ENABLE_RUNTIME_MOD ; NO               ; Untyped                                                                    ;
; CBXI_PARAMETER     ; lpm_constant_bh6 ; Untyped                                                                    ;
+--------------------+------------------+----------------------------------------------------------------------------+
Note: In order to hide this table in the UI and the text report file, please set the "Show Parameter Settings in Synthesis Report" option in "Analysis and Synthesis Settings -> More Settings" to "Off".


+-----------------------------------------------------------------------------------------------------------------+
; Parameter Settings for User Entity Instance: display_8bits:inst4|comp0:inst10|lpm_compare:LPM_COMPARE_component ;
+------------------------+-----------+----------------------------------------------------------------------------+
; Parameter Name         ; Value     ; Type                                                                       ;
+------------------------+-----------+----------------------------------------------------------------------------+
; lpm_width              ; 8         ; Signed Integer                                                             ;
; LPM_REPRESENTATION     ; UNSIGNED  ; Untyped                                                                    ;
; LPM_PIPELINE           ; 0         ; Untyped                                                                    ;
; CHAIN_SIZE             ; 8         ; Untyped                                                                    ;
; ONE_INPUT_IS_CONSTANT  ; YES       ; Untyped                                                                    ;
; CARRY_CHAIN            ; MANUAL    ; Untyped                                                                    ;
; CASCADE_CHAIN          ; MANUAL    ; Untyped                                                                    ;
; CARRY_CHAIN_LENGTH     ; 48        ; CARRY_CHAIN_LENGTH                                                         ;
; CASCADE_CHAIN_LENGTH   ; 2         ; CASCADE_CHAIN_LENGTH                                                       ;
; DEVICE_FAMILY          ; Cyclone V ; Untyped                                                                    ;
; CBXI_PARAMETER         ; cmpr_uji  ; Untyped                                                                    ;
; AUTO_CARRY_CHAINS      ; ON        ; AUTO_CARRY                                                                 ;
; IGNORE_CARRY_BUFFERS   ; OFF       ; IGNORE_CARRY                                                               ;
; AUTO_CASCADE_CHAINS    ; ON        ; AUTO_CASCADE                                                               ;
; IGNORE_CASCADE_BUFFERS ; OFF       ; IGNORE_CASCADE                                                             ;
+------------------------+-----------+----------------------------------------------------------------------------+
Note: In order to hide this table in the UI and the text report file, please set the "Show Parameter Settings in Synthesis Report" option in "Analysis and Synthesis Settings -> More Settings" to "Off".


+--------------------------------------------------------------------------------------------------------------+
; Parameter Settings for User Entity Instance: display_8bits:inst4|div8u:inst2|lpm_divide:LPM_DIVIDE_component ;
+------------------------+----------------+--------------------------------------------------------------------+
; Parameter Name         ; Value          ; Type                                                               ;
+------------------------+----------------+--------------------------------------------------------------------+
; LPM_WIDTHN             ; 8              ; Signed Integer                                                     ;
; LPM_WIDTHD             ; 8              ; Signed Integer                                                     ;
; LPM_NREPRESENTATION    ; UNSIGNED       ; Untyped                                                            ;
; LPM_DREPRESENTATION    ; UNSIGNED       ; Untyped                                                            ;
; LPM_PIPELINE           ; 0              ; Untyped                                                            ;
; LPM_REMAINDERPOSITIVE  ; TRUE           ; Untyped                                                            ;
; MAXIMIZE_SPEED         ; 5              ; Untyped                                                            ;
; CBXI_PARAMETER         ; lpm_divide_kes ; Untyped                                                            ;
; CARRY_CHAIN            ; MANUAL         ; Untyped                                                            ;
; OPTIMIZE_FOR_SPEED     ; 5              ; Untyped                                                            ;
; AUTO_CARRY_CHAINS      ; ON             ; AUTO_CARRY                                                         ;
; IGNORE_CARRY_BUFFERS   ; OFF            ; IGNORE_CARRY                                                       ;
; AUTO_CASCADE_CHAINS    ; ON             ; AUTO_CASCADE                                                       ;
; IGNORE_CASCADE_BUFFERS ; OFF            ; IGNORE_CASCADE                                                     ;
+------------------------+----------------+--------------------------------------------------------------------+
Note: In order to hide this table in the UI and the text report file, please set the "Show Parameter Settings in Synthesis Report" option in "Analysis and Synthesis Settings -> More Settings" to "Off".


+--------------------------------------------------------------------------------------------------------------------+
; Parameter Settings for User Entity Instance: display_8bits:inst4|const10:inst5|lpm_constant:LPM_CONSTANT_component ;
+--------------------+------------------+----------------------------------------------------------------------------+
; Parameter Name     ; Value            ; Type                                                                       ;
+--------------------+------------------+----------------------------------------------------------------------------+
; LPM_WIDTH          ; 8                ; Signed Integer                                                             ;
; LPM_CVALUE         ; 10               ; Signed Integer                                                             ;
; ENABLE_RUNTIME_MOD ; NO               ; Untyped                                                                    ;
; CBXI_PARAMETER     ; lpm_constant_bh6 ; Untyped                                                                    ;
+--------------------+------------------+----------------------------------------------------------------------------+
Note: In order to hide this table in the UI and the text report file, please set the "Show Parameter Settings in Synthesis Report" option in "Analysis and Synthesis Settings -> More Settings" to "Off".


+-----------------------------------------------------+
; Post-Synthesis Netlist Statistics for Top Partition ;
+-------------------+---------------------------------+
; Type              ; Count                           ;
+-------------------+---------------------------------+
; boundary_port     ; 17                              ;
;                   ;                                 ;
; Max LUT depth     ; 0.00                            ;
; Average LUT depth ; 0.00                            ;
+-------------------+---------------------------------+


+-------------------------------+
; Elapsed Time Per Partition    ;
+----------------+--------------+
; Partition Name ; Elapsed Time ;
+----------------+--------------+
; Top            ; 00:00:00     ;
+----------------+--------------+


+-------------------------------+
; Analysis & Synthesis Messages ;
+-------------------------------+
Info: *******************************************************************
Info: Running Quartus Prime Analysis & Synthesis
    Info: Version 18.1.0 Build 625 09/12/2018 SJ Lite Edition
    Info: Processing started: Wed Feb 12 11:19:41 2025
Info: Command: quartus_map --read_settings_files=on --write_settings_files=off seq_comparator -c seq_comparator
Warning (125092): Tcl Script File ../compare_2bit.qip not found
    Info (125063): set_global_assignment -name QIP_FILE ../compare_2bit.qip
Warning (18236): Number of processors has not been specified which may cause overloading on shared machines.  Set the global assignment NUM_PARALLEL_PROCESSORS in your QSF to an appropriate value for best performance.
Info (20030): Parallel compilation is enabled and will use 8 of the 8 processors detected
Info (12021): Found 1 design units, including 1 entities, in source file seq_comparator.bdf
    Info (12023): Found entity 1: seq_comparator
Info (12127): Elaborating entity "seq_comparator" for the top level hierarchy
Warning (12125): Using design file en_register_8.v, which is not specified as a design file for the current project, but contains definitions for 1 design units and 1 entities in project
    Info (12023): Found entity 1: en_register_8 File: C:/Users/rosenthal.andr/Documents/EECE2160/seq_comparator/en_register_8.v Line: 1
Info (12128): Elaborating entity "en_register_8" for hierarchy "en_register_8:A"
Warning (12125): Using design file compare_2bit.v, which is not specified as a design file for the current project, but contains definitions for 1 design units and 1 entities in project
    Info (12023): Found entity 1: compare_2bit File: C:/Users/rosenthal.andr/Documents/EECE2160/seq_comparator/compare_2bit.v Line: 39
Info (12128): Elaborating entity "compare_2bit" for hierarchy "compare_2bit:inst2"
Info (12128): Elaborating entity "lpm_compare" for hierarchy "compare_2bit:inst2|lpm_compare:LPM_COMPARE_component" File: C:/Users/rosenthal.andr/Documents/EECE2160/seq_comparator/compare_2bit.v Line: 70
Info (12130): Elaborated megafunction instantiation "compare_2bit:inst2|lpm_compare:LPM_COMPARE_component" File: C:/Users/rosenthal.andr/Documents/EECE2160/seq_comparator/compare_2bit.v Line: 70
Info (12133): Instantiated megafunction "compare_2bit:inst2|lpm_compare:LPM_COMPARE_component" with the following parameter: File: C:/Users/rosenthal.andr/Documents/EECE2160/seq_comparator/compare_2bit.v Line: 70
    Info (12134): Parameter "lpm_representation" = "UNSIGNED"
    Info (12134): Parameter "lpm_type" = "LPM_COMPARE"
    Info (12134): Parameter "lpm_width" = "8"
Info (12021): Found 1 design units, including 1 entities, in source file db/cmpr_a3h.tdf
    Info (12023): Found entity 1: cmpr_a3h File: C:/Users/rosenthal.andr/Documents/EECE2160/seq_comparator/db/cmpr_a3h.tdf Line: 22
Info (12128): Elaborating entity "cmpr_a3h" for hierarchy "compare_2bit:inst2|lpm_compare:LPM_COMPARE_component|cmpr_a3h:auto_generated" File: c:/intelfpga_lite/18.1/quartus/libraries/megafunctions/lpm_compare.tdf Line: 280
Warning (12125): Using design file display_8bits.bdf, which is not specified as a design file for the current project, but contains definitions for 1 design units and 1 entities in project
    Info (12023): Found entity 1: display_8bits
Info (12128): Elaborating entity "display_8bits" for hierarchy "display_8bits:inst3"
Warning (275083): Bus "b1[7..0]" found using same base name as "b", which might lead to a name conflict.
Warning (275083): Bus "b3[7..0]" found using same base name as "b", which might lead to a name conflict.
Warning (275083): Bus "b4[3..0]" found using same base name as "b", which might lead to a name conflict.
Warning (275083): Bus "c0[7..0]" found using same base name as "c", which might lead to a name conflict.
Warning (275083): Bus "b4[0]" found using same base name as "b", which might lead to a name conflict.
Warning (275083): Bus "b4[1]" found using same base name as "b", which might lead to a name conflict.
Warning (275083): Bus "b4[2]" found using same base name as "b", which might lead to a name conflict.
Warning (275083): Bus "b4[3]" found using same base name as "b", which might lead to a name conflict.
Warning (275083): Bus "b4[7..0]" found using same base name as "b", which might lead to a name conflict.
Warning (275083): Bus "b4[7..0]" found using same base name as "b", which might lead to a name conflict.
Warning (275083): Bus "b4[7..0]" found using same base name as "b", which might lead to a name conflict.
Warning (275080): Converted elements in bus name "b" using legacy naming rules. Make any assignments on the new names, not on the original names.
    Warning (275081): Converted element name(s) from "b[7..0]" to "b7..0"
Warning (275080): Converted elements in bus name "b0" using legacy naming rules. Make any assignments on the new names, not on the original names.
    Warning (275081): Converted element name(s) from "b0[7..0]" to "b07..0"
Warning (275080): Converted elements in bus name "b1" using legacy naming rules. Make any assignments on the new names, not on the original names.
    Warning (275081): Converted element name(s) from "b1[7..0]" to "b17..0"
Warning (275080): Converted elements in bus name "b3" using legacy naming rules. Make any assignments on the new names, not on the original names.
    Warning (275081): Converted element name(s) from "b3[7..0]" to "b37..0"
Warning (275080): Converted elements in bus name "b4" using legacy naming rules. Make any assignments on the new names, not on the original names.
    Warning (275081): Converted element name(s) from "b4[3..0]" to "b43..0"
    Warning (275081): Converted element name(s) from "b4[0]" to "b40"
    Warning (275081): Converted element name(s) from "b4[1]" to "b41"
    Warning (275081): Converted element name(s) from "b4[2]" to "b42"
    Warning (275081): Converted element name(s) from "b4[3]" to "b43"
    Warning (275081): Converted element name(s) from "b4[7..0]" to "b47..0"
    Warning (275081): Converted element name(s) from "b4[7..0]" to "b47..0"
    Warning (275081): Converted element name(s) from "b4[7..0]" to "b47..0"
Warning (275080): Converted elements in bus name "c" using legacy naming rules. Make any assignments on the new names, not on the original names.
    Warning (275081): Converted element name(s) from "c[7..0]" to "c7..0"
Warning (275080): Converted elements in bus name "c0" using legacy naming rules. Make any assignments on the new names, not on the original names.
    Warning (275081): Converted element name(s) from "c0[7..0]" to "c07..0"
Warning (12125): Using design file display7.bdf, which is not specified as a design file for the current project, but contains definitions for 1 design units and 1 entities in project
    Info (12023): Found entity 1: display7
Info (12128): Elaborating entity "display7" for hierarchy "display_8bits:inst3|display7:inst6"
Warning (12125): Using design file div8u.v, which is not specified as a design file for the current project, but contains definitions for 1 design units and 1 entities in project
    Info (12023): Found entity 1: div8u File: C:/Users/rosenthal.andr/Documents/EECE2160/seq_comparator/div8u.v Line: 39
Info (12128): Elaborating entity "div8u" for hierarchy "display_8bits:inst3|div8u:inst"
Info (12128): Elaborating entity "lpm_divide" for hierarchy "display_8bits:inst3|div8u:inst|lpm_divide:LPM_DIVIDE_component" File: C:/Users/rosenthal.andr/Documents/EECE2160/seq_comparator/div8u.v Line: 62
Info (12130): Elaborated megafunction instantiation "display_8bits:inst3|div8u:inst|lpm_divide:LPM_DIVIDE_component" File: C:/Users/rosenthal.andr/Documents/EECE2160/seq_comparator/div8u.v Line: 62
Info (12133): Instantiated megafunction "display_8bits:inst3|div8u:inst|lpm_divide:LPM_DIVIDE_component" with the following parameter: File: C:/Users/rosenthal.andr/Documents/EECE2160/seq_comparator/div8u.v Line: 62
    Info (12134): Parameter "lpm_drepresentation" = "UNSIGNED"
    Info (12134): Parameter "lpm_hint" = "LPM_REMAINDERPOSITIVE=TRUE"
    Info (12134): Parameter "lpm_nrepresentation" = "UNSIGNED"
    Info (12134): Parameter "lpm_type" = "LPM_DIVIDE"
    Info (12134): Parameter "lpm_widthd" = "8"
    Info (12134): Parameter "lpm_widthn" = "8"
Info (12021): Found 1 design units, including 1 entities, in source file db/lpm_divide_kes.tdf
    Info (12023): Found entity 1: lpm_divide_kes File: C:/Users/rosenthal.andr/Documents/EECE2160/seq_comparator/db/lpm_divide_kes.tdf Line: 24
Info (12128): Elaborating entity "lpm_divide_kes" for hierarchy "display_8bits:inst3|div8u:inst|lpm_divide:LPM_DIVIDE_component|lpm_divide_kes:auto_generated" File: c:/intelfpga_lite/18.1/quartus/libraries/megafunctions/lpm_divide.tdf Line: 147
Info (12021): Found 1 design units, including 1 entities, in source file db/sign_div_unsign_fkh.tdf
    Info (12023): Found entity 1: sign_div_unsign_fkh File: C:/Users/rosenthal.andr/Documents/EECE2160/seq_comparator/db/sign_div_unsign_fkh.tdf Line: 24
Info (12128): Elaborating entity "sign_div_unsign_fkh" for hierarchy "display_8bits:inst3|div8u:inst|lpm_divide:LPM_DIVIDE_component|lpm_divide_kes:auto_generated|sign_div_unsign_fkh:divider" File: C:/Users/rosenthal.andr/Documents/EECE2160/seq_comparator/db/lpm_divide_kes.tdf Line: 35
Info (12021): Found 1 design units, including 1 entities, in source file db/alt_u_div_4te.tdf
    Info (12023): Found entity 1: alt_u_div_4te File: C:/Users/rosenthal.andr/Documents/EECE2160/seq_comparator/db/alt_u_div_4te.tdf Line: 22
Info (12128): Elaborating entity "alt_u_div_4te" for hierarchy "display_8bits:inst3|div8u:inst|lpm_divide:LPM_DIVIDE_component|lpm_divide_kes:auto_generated|sign_div_unsign_fkh:divider|alt_u_div_4te:divider" File: C:/Users/rosenthal.andr/Documents/EECE2160/seq_comparator/db/sign_div_unsign_fkh.tdf Line: 32
Warning (12125): Using design file const10.v, which is not specified as a design file for the current project, but contains definitions for 1 design units and 1 entities in project
    Info (12023): Found entity 1: const10 File: C:/Users/rosenthal.andr/Documents/EECE2160/seq_comparator/const10.v Line: 39
Info (12128): Elaborating entity "const10" for hierarchy "display_8bits:inst3|const10:inst3"
Info (12128): Elaborating entity "lpm_constant" for hierarchy "display_8bits:inst3|const10:inst3|lpm_constant:LPM_CONSTANT_component" File: C:/Users/rosenthal.andr/Documents/EECE2160/seq_comparator/const10.v Line: 48
Info (12130): Elaborated megafunction instantiation "display_8bits:inst3|const10:inst3|lpm_constant:LPM_CONSTANT_component" File: C:/Users/rosenthal.andr/Documents/EECE2160/seq_comparator/const10.v Line: 48
Info (12133): Instantiated megafunction "display_8bits:inst3|const10:inst3|lpm_constant:LPM_CONSTANT_component" with the following parameter: File: C:/Users/rosenthal.andr/Documents/EECE2160/seq_comparator/const10.v Line: 48
    Info (12134): Parameter "lpm_cvalue" = "10"
    Info (12134): Parameter "lpm_hint" = "ENABLE_RUNTIME_MOD=NO"
    Info (12134): Parameter "lpm_type" = "LPM_CONSTANT"
    Info (12134): Parameter "lpm_width" = "8"
Warning (12125): Using design file display7_en.bdf, which is not specified as a design file for the current project, but contains definitions for 1 design units and 1 entities in project
    Info (12023): Found entity 1: display7_en
Info (12128): Elaborating entity "display7_en" for hierarchy "display_8bits:inst3|display7_en:inst9"
Warning (275011): Block or symbol "OR2" of instance "inst3" overlaps another block or symbol
Warning (12125): Using design file comp0.v, which is not specified as a design file for the current project, but contains definitions for 1 design units and 1 entities in project
    Info (12023): Found entity 1: comp0 File: C:/Users/rosenthal.andr/Documents/EECE2160/seq_comparator/comp0.v Line: 39
Info (12128): Elaborating entity "comp0" for hierarchy "display_8bits:inst3|comp0:inst11"
Info (12128): Elaborating entity "lpm_compare" for hierarchy "display_8bits:inst3|comp0:inst11|lpm_compare:LPM_COMPARE_component" File: C:/Users/rosenthal.andr/Documents/EECE2160/seq_comparator/comp0.v Line: 61
Info (12130): Elaborated megafunction instantiation "display_8bits:inst3|comp0:inst11|lpm_compare:LPM_COMPARE_component" File: C:/Users/rosenthal.andr/Documents/EECE2160/seq_comparator/comp0.v Line: 61
Info (12133): Instantiated megafunction "display_8bits:inst3|comp0:inst11|lpm_compare:LPM_COMPARE_component" with the following parameter: File: C:/Users/rosenthal.andr/Documents/EECE2160/seq_comparator/comp0.v Line: 61
    Info (12134): Parameter "lpm_hint" = "ONE_INPUT_IS_CONSTANT=YES"
    Info (12134): Parameter "lpm_representation" = "UNSIGNED"
    Info (12134): Parameter "lpm_type" = "LPM_COMPARE"
    Info (12134): Parameter "lpm_width" = "8"
Info (12021): Found 1 design units, including 1 entities, in source file db/cmpr_uji.tdf
    Info (12023): Found entity 1: cmpr_uji File: C:/Users/rosenthal.andr/Documents/EECE2160/seq_comparator/db/cmpr_uji.tdf Line: 22
Info (12128): Elaborating entity "cmpr_uji" for hierarchy "display_8bits:inst3|comp0:inst11|lpm_compare:LPM_COMPARE_component|cmpr_uji:auto_generated" File: c:/intelfpga_lite/18.1/quartus/libraries/megafunctions/lpm_compare.tdf Line: 280
Info (16010): Generating hard_block partition "hard_block:auto_generated_inst"
    Info (16011): Adding 0 node(s), including 0 DDIO, 0 PLL, 0 transceiver and 0 LCELL
Warning (21074): Design contains 17 input pin(s) that do not drive logic
    Warning (15610): No output dependent on input pin "clk"
    Warning (15610): No output dependent on input pin "swA[7]"
    Warning (15610): No output dependent on input pin "swA[6]"
    Warning (15610): No output dependent on input pin "swA[5]"
    Warning (15610): No output dependent on input pin "swA[4]"
    Warning (15610): No output dependent on input pin "swA[3]"
    Warning (15610): No output dependent on input pin "swA[2]"
    Warning (15610): No output dependent on input pin "swA[1]"
    Warning (15610): No output dependent on input pin "swA[0]"
    Warning (15610): No output dependent on input pin "swB[7]"
    Warning (15610): No output dependent on input pin "swB[6]"
    Warning (15610): No output dependent on input pin "swB[5]"
    Warning (15610): No output dependent on input pin "swB[4]"
    Warning (15610): No output dependent on input pin "swB[3]"
    Warning (15610): No output dependent on input pin "swB[2]"
    Warning (15610): No output dependent on input pin "swB[1]"
    Warning (15610): No output dependent on input pin "swB[0]"
Info (21057): Implemented 17 device resources after synthesis - the final resource count might be different
    Info (21058): Implemented 17 input pins
    Info (21059): Implemented 0 output pins
Info: Quartus Prime Analysis & Synthesis was successful. 0 errors, 62 warnings
    Info: Peak virtual memory: 4834 megabytes
    Info: Processing ended: Wed Feb 12 11:19:48 2025
    Info: Elapsed time: 00:00:07
    Info: Total CPU time (on all processors): 00:00:16


