Flow report for display7_en
Mon Feb 03 12:09:31 2025
Quartus Prime Version 18.1.0 Build 625 09/12/2018 SJ Lite Edition


---------------------
; Table of Contents ;
---------------------
  1. Legal Notice
  2. Flow Summary
  3. Flow Settings
  4. Flow Non-Default Global Settings
  5. Flow Elapsed Time
  6. Flow OS Summary
  7. Flow Log
  8. Flow Messages
  9. Flow Suppressed Messages



----------------
; Legal Notice ;
----------------
Copyright (C) 2018  Intel Corporation. All rights reserved.
Your use of Intel Corporation's design tools, logic functions 
and other software and tools, and its AMPP partner logic 
functions, and any output files from any of the foregoing 
(including device programming or simulation files), and any 
associated documentation or information are expressly subject 
to the terms and conditions of the Intel Program License 
Subscription Agreement, the Intel Quartus Prime License Agreement,
the Intel FPGA IP License Agreement, or other applicable license
agreement, including, without limitation, that your use is for
the sole purpose of programming logic devices manufactured by
Intel and sold by Intel or its authorized distributors.  Please
refer to the applicable agreement for further details.



+----------------------------------------------------------------------------------------+
; Flow Summary                                                                           ;
+---------------------------------+------------------------------------------------------+
; Flow Status                     ; EDA Netlist Writer Failed - Mon Feb 03 12:09:31 2025 ;
; Quartus Prime Version           ; 18.1.0 Build 625 09/12/2018 SJ Lite Edition          ;
; Revision Name                   ; display7_en                                          ;
; Top-level Entity Name           ; display7_en                                          ;
; Family                          ; Cyclone V                                            ;
; Device                          ; 5CSEMA5F31C6                                         ;
; Timing Models                   ; Final                                                ;
; Logic utilization (in ALMs)     ; 5 / 32,070 ( < 1 % )                                 ;
; Total registers                 ; 0                                                    ;
; Total pins                      ; 12 / 457 ( 3 % )                                     ;
; Total virtual pins              ; 0                                                    ;
; Total block memory bits         ; 0 / 4,065,280 ( 0 % )                                ;
; Total DSP Blocks                ; 0 / 87 ( 0 % )                                       ;
; Total HSSI RX PCSs              ; 0                                                    ;
; Total HSSI PMA RX Deserializers ; 0                                                    ;
; Total HSSI TX PCSs              ; 0                                                    ;
; Total HSSI PMA TX Serializers   ; 0                                                    ;
; Total PLLs                      ; 0 / 6 ( 0 % )                                        ;
; Total DLLs                      ; 0 / 4 ( 0 % )                                        ;
+---------------------------------+------------------------------------------------------+


+-----------------------------------------+
; Flow Settings                           ;
+-------------------+---------------------+
; Option            ; Setting             ;
+-------------------+---------------------+
; Start date & time ; 02/03/2025 12:02:08 ;
; Main task         ; Compilation         ;
; Revision Name     ; display7_en         ;
+-------------------+---------------------+


+-------------------------------------------------------------------------------------------------------------------------+
; Flow Non-Default Global Settings                                                                                        ;
+-------------------------------------+----------------------------------------+---------------+-------------+------------+
; Assignment Name                     ; Value                                  ; Default Value ; Entity Name ; Section Id ;
+-------------------------------------+----------------------------------------+---------------+-------------+------------+
; COMPILER_SIGNATURE_ID               ; 181124906834379.173860212817128        ; --            ; --          ; --         ;
; MAX_CORE_JUNCTION_TEMP              ; 85                                     ; --            ; --          ; --         ;
; MIN_CORE_JUNCTION_TEMP              ; 0                                      ; --            ; --          ; --         ;
; PARTITION_COLOR                     ; -- (Not supported for targeted family) ; --            ; --          ; Top        ;
; PARTITION_FITTER_PRESERVATION_LEVEL ; -- (Not supported for targeted family) ; --            ; --          ; Top        ;
; PARTITION_NETLIST_TYPE              ; -- (Not supported for targeted family) ; --            ; --          ; Top        ;
; PROJECT_OUTPUT_DIRECTORY            ; output_files                           ; --            ; --          ; --         ;
+-------------------------------------+----------------------------------------+---------------+-------------+------------+


+--------------------------------------------------------------------------------------------------------------------------+
; Flow Elapsed Time                                                                                                        ;
+----------------------+--------------+-------------------------+---------------------+------------------------------------+
; Module Name          ; Elapsed Time ; Average Processors Used ; Peak Virtual Memory ; Total CPU Time (on all processors) ;
+----------------------+--------------+-------------------------+---------------------+------------------------------------+
; Analysis & Synthesis ; 00:00:07     ; 1.0                     ; 4865 MB             ; 00:00:17                           ;
; Fitter               ; 00:00:21     ; 1.0                     ; 6949 MB             ; 00:00:59                           ;
; Assembler            ; 00:00:05     ; 1.0                     ; 4855 MB             ; 00:00:05                           ;
; Timing Analyzer      ; 00:00:03     ; 1.0                     ; 5175 MB             ; 00:00:03                           ;
; EDA Netlist Writer   ; 00:00:01     ; 1.0                     ; 4732 MB             ; 00:00:01                           ;
; EDA Netlist Writer   ; 00:00:00     ; 1.0                     ; 4732 MB             ; 00:00:01                           ;
; EDA Netlist Writer   ; 00:00:01     ; 1.0                     ; 4732 MB             ; 00:00:01                           ;
; EDA Netlist Writer   ; 00:00:01     ; 1.0                     ; 4732 MB             ; 00:00:01                           ;
; Total                ; 00:00:39     ; --                      ; --                  ; 00:01:28                           ;
+----------------------+--------------+-------------------------+---------------------+------------------------------------+


+------------------------------------------------------------------------------------+
; Flow OS Summary                                                                    ;
+----------------------+------------------+------------+------------+----------------+
; Module Name          ; Machine Hostname ; OS Name    ; OS Version ; Processor type ;
+----------------------+------------------+------------+------------+----------------+
; Analysis & Synthesis ; WFXA4BB6DBB59CB  ; Windows 10 ; 10.0       ; x86_64         ;
; Fitter               ; WFXA4BB6DBB59CB  ; Windows 10 ; 10.0       ; x86_64         ;
; Assembler            ; WFXA4BB6DBB59CB  ; Windows 10 ; 10.0       ; x86_64         ;
; Timing Analyzer      ; WFXA4BB6DBB59CB  ; Windows 10 ; 10.0       ; x86_64         ;
; EDA Netlist Writer   ; WFXA4BB6DBB59CB  ; Windows 10 ; 10.0       ; x86_64         ;
; EDA Netlist Writer   ; WFXA4BB6DBB59CB  ; Windows 10 ; 10.0       ; x86_64         ;
; EDA Netlist Writer   ; WFXA4BB6DBB59CB  ; Windows 10 ; 10.0       ; x86_64         ;
; EDA Netlist Writer   ; WFXA4BB6DBB59CB  ; Windows 10 ; 10.0       ; x86_64         ;
+----------------------+------------------+------------+------------+----------------+


------------
; Flow Log ;
------------
quartus_map --read_settings_files=on --write_settings_files=off display7_en -c display7_en
quartus_fit --read_settings_files=off --write_settings_files=off display7_en -c display7_en
quartus_asm --read_settings_files=off --write_settings_files=off display7_en -c display7_en
quartus_sta display7_en -c display7_en
quartus_eda --gen_testbench --tool=modelsim_oem --format=verilog --write_settings_files=off display7_en -c display7_en --vector_source=C:/Users/rosenthal.andr/Documents/EECE2160/display7_en/output_files/Waveform.vwf --testbench_file=C:/Users/rosenthal.andr/Documents/EECE2160/display7_en/simulation/qsim/output_files/Waveform.vwf.vt
quartus_eda --gen_testbench --tool=modelsim_oem --format=verilog --write_settings_files=off display7_en -c display7_en --vector_source=C:/Users/rosenthal.andr/Documents/EECE2160/display7_en/output_files/Waveform.vwf --testbench_file=C:/Users/rosenthal.andr/Documents/EECE2160/display7_en/simulation/qsim/output_files/Waveform.vwf.vt
quartus_eda --gen_testbench --tool=modelsim_oem --format=verilog --write_settings_files=off display7_en -c display7_en --vector_source=C:/Users/rosenthal.andr/Documents/EECE2160/display7_en/output_files/Waveform.vwf --testbench_file=C:/Users/rosenthal.andr/Documents/EECE2160/display7_en/simulation/qsim/output_files/Waveform.vwf.vt
quartus_eda --gen_testbench --tool=modelsim_oem --format=verilog --write_settings_files=off display7_en -c display7_en --vector_source=C:/Users/rosenthal.andr/Documents/EECE2160/display7_en/output_files/Waveform.vwf --testbench_file=C:/Users/rosenthal.andr/Documents/EECE2160/display7_en/simulation/qsim/output_files/Waveform.vwf.vt



